<?xml version="1.0" encoding="UTF-8"?>
<!DOCTYPE coverage SYSTEM "http://cobertura.sourceforge.net/xml/coverage-04.dtd">
<coverage line-rate="1" branch-rate="0" lines-covered="439" lines-valid="439" branches-covered="0" branches-valid="0" complexity="20" version="0.4" timestamp="1712125272">
  <sources>
    <source>/app/src</source>
  </sources>
  <packages>
    <package name="Models/Client.php" line-rate="1" branch-rate="0" complexity="1">
      <classes>
        <class name="Playground\Crm\Models\Client" filename="Models/Client.php" line-rate="1" branch-rate="0" complexity="1">
          <methods>
            <method name="casts" signature="" line-rate="1" branch-rate="0" complexity="1">
              <lines>
                <line number="285" hits="6"/>
                <line number="286" hits="6"/>
                <line number="287" hits="6"/>
                <line number="288" hits="6"/>
                <line number="289" hits="6"/>
                <line number="290" hits="6"/>
                <line number="291" hits="6"/>
                <line number="292" hits="6"/>
                <line number="293" hits="6"/>
                <line number="294" hits="6"/>
                <line number="295" hits="6"/>
                <line number="296" hits="6"/>
                <line number="297" hits="6"/>
                <line number="298" hits="6"/>
                <line number="299" hits="6"/>
                <line number="300" hits="6"/>
                <line number="301" hits="6"/>
                <line number="302" hits="6"/>
                <line number="303" hits="6"/>
                <line number="304" hits="6"/>
                <line number="305" hits="6"/>
                <line number="306" hits="6"/>
                <line number="307" hits="6"/>
                <line number="308" hits="6"/>
                <line number="309" hits="6"/>
                <line number="310" hits="6"/>
                <line number="311" hits="6"/>
                <line number="312" hits="6"/>
                <line number="313" hits="6"/>
                <line number="314" hits="6"/>
                <line number="315" hits="6"/>
                <line number="316" hits="6"/>
                <line number="317" hits="6"/>
                <line number="318" hits="6"/>
                <line number="319" hits="6"/>
                <line number="320" hits="6"/>
                <line number="321" hits="6"/>
                <line number="322" hits="6"/>
                <line number="323" hits="6"/>
                <line number="324" hits="6"/>
                <line number="325" hits="6"/>
                <line number="326" hits="6"/>
                <line number="327" hits="6"/>
                <line number="328" hits="6"/>
                <line number="329" hits="6"/>
                <line number="330" hits="6"/>
                <line number="331" hits="6"/>
                <line number="332" hits="6"/>
                <line number="333" hits="6"/>
                <line number="334" hits="6"/>
                <line number="335" hits="6"/>
                <line number="336" hits="6"/>
                <line number="337" hits="6"/>
                <line number="338" hits="6"/>
                <line number="339" hits="6"/>
                <line number="340" hits="6"/>
                <line number="341" hits="6"/>
                <line number="342" hits="6"/>
                <line number="343" hits="6"/>
                <line number="344" hits="6"/>
                <line number="345" hits="6"/>
                <line number="346" hits="6"/>
                <line number="347" hits="6"/>
                <line number="348" hits="6"/>
                <line number="349" hits="6"/>
                <line number="350" hits="6"/>
                <line number="351" hits="6"/>
                <line number="352" hits="6"/>
                <line number="353" hits="6"/>
                <line number="354" hits="6"/>
                <line number="355" hits="6"/>
                <line number="356" hits="6"/>
                <line number="357" hits="6"/>
                <line number="358" hits="6"/>
                <line number="359" hits="6"/>
                <line number="360" hits="6"/>
                <line number="361" hits="6"/>
                <line number="362" hits="6"/>
                <line number="363" hits="6"/>
                <line number="364" hits="6"/>
                <line number="365" hits="6"/>
              </lines>
            </method>
          </methods>
          <lines>
            <line number="285" hits="6"/>
            <line number="286" hits="6"/>
            <line number="287" hits="6"/>
            <line number="288" hits="6"/>
            <line number="289" hits="6"/>
            <line number="290" hits="6"/>
            <line number="291" hits="6"/>
            <line number="292" hits="6"/>
            <line number="293" hits="6"/>
            <line number="294" hits="6"/>
            <line number="295" hits="6"/>
            <line number="296" hits="6"/>
            <line number="297" hits="6"/>
            <line number="298" hits="6"/>
            <line number="299" hits="6"/>
            <line number="300" hits="6"/>
            <line number="301" hits="6"/>
            <line number="302" hits="6"/>
            <line number="303" hits="6"/>
            <line number="304" hits="6"/>
            <line number="305" hits="6"/>
            <line number="306" hits="6"/>
            <line number="307" hits="6"/>
            <line number="308" hits="6"/>
            <line number="309" hits="6"/>
            <line number="310" hits="6"/>
            <line number="311" hits="6"/>
            <line number="312" hits="6"/>
            <line number="313" hits="6"/>
            <line number="314" hits="6"/>
            <line number="315" hits="6"/>
            <line number="316" hits="6"/>
            <line number="317" hits="6"/>
            <line number="318" hits="6"/>
            <line number="319" hits="6"/>
            <line number="320" hits="6"/>
            <line number="321" hits="6"/>
            <line number="322" hits="6"/>
            <line number="323" hits="6"/>
            <line number="324" hits="6"/>
            <line number="325" hits="6"/>
            <line number="326" hits="6"/>
            <line number="327" hits="6"/>
            <line number="328" hits="6"/>
            <line number="329" hits="6"/>
            <line number="330" hits="6"/>
            <line number="331" hits="6"/>
            <line number="332" hits="6"/>
            <line number="333" hits="6"/>
            <line number="334" hits="6"/>
            <line number="335" hits="6"/>
            <line number="336" hits="6"/>
            <line number="337" hits="6"/>
            <line number="338" hits="6"/>
            <line number="339" hits="6"/>
            <line number="340" hits="6"/>
            <line number="341" hits="6"/>
            <line number="342" hits="6"/>
            <line number="343" hits="6"/>
            <line number="344" hits="6"/>
            <line number="345" hits="6"/>
            <line number="346" hits="6"/>
            <line number="347" hits="6"/>
            <line number="348" hits="6"/>
            <line number="349" hits="6"/>
            <line number="350" hits="6"/>
            <line number="351" hits="6"/>
            <line number="352" hits="6"/>
            <line number="353" hits="6"/>
            <line number="354" hits="6"/>
            <line number="355" hits="6"/>
            <line number="356" hits="6"/>
            <line number="357" hits="6"/>
            <line number="358" hits="6"/>
            <line number="359" hits="6"/>
            <line number="360" hits="6"/>
            <line number="361" hits="6"/>
            <line number="362" hits="6"/>
            <line number="363" hits="6"/>
            <line number="364" hits="6"/>
            <line number="365" hits="6"/>
          </lines>
        </class>
      </classes>
    </package>
    <package name="Models/Contact.php" line-rate="1" branch-rate="0" complexity="1">
      <classes>
        <class name="Playground\Crm\Models\Contact" filename="Models/Contact.php" line-rate="1" branch-rate="0" complexity="1">
          <methods>
            <method name="casts" signature="" line-rate="1" branch-rate="0" complexity="1">
              <lines>
                <line number="285" hits="6"/>
                <line number="286" hits="6"/>
                <line number="287" hits="6"/>
                <line number="288" hits="6"/>
                <line number="289" hits="6"/>
                <line number="290" hits="6"/>
                <line number="291" hits="6"/>
                <line number="292" hits="6"/>
                <line number="293" hits="6"/>
                <line number="294" hits="6"/>
                <line number="295" hits="6"/>
                <line number="296" hits="6"/>
                <line number="297" hits="6"/>
                <line number="298" hits="6"/>
                <line number="299" hits="6"/>
                <line number="300" hits="6"/>
                <line number="301" hits="6"/>
                <line number="302" hits="6"/>
                <line number="303" hits="6"/>
                <line number="304" hits="6"/>
                <line number="305" hits="6"/>
                <line number="306" hits="6"/>
                <line number="307" hits="6"/>
                <line number="308" hits="6"/>
                <line number="309" hits="6"/>
                <line number="310" hits="6"/>
                <line number="311" hits="6"/>
                <line number="312" hits="6"/>
                <line number="313" hits="6"/>
                <line number="314" hits="6"/>
                <line number="315" hits="6"/>
                <line number="316" hits="6"/>
                <line number="317" hits="6"/>
                <line number="318" hits="6"/>
                <line number="319" hits="6"/>
                <line number="320" hits="6"/>
                <line number="321" hits="6"/>
                <line number="322" hits="6"/>
                <line number="323" hits="6"/>
                <line number="324" hits="6"/>
                <line number="325" hits="6"/>
                <line number="326" hits="6"/>
                <line number="327" hits="6"/>
                <line number="328" hits="6"/>
                <line number="329" hits="6"/>
                <line number="330" hits="6"/>
                <line number="331" hits="6"/>
                <line number="332" hits="6"/>
                <line number="333" hits="6"/>
                <line number="334" hits="6"/>
                <line number="335" hits="6"/>
                <line number="336" hits="6"/>
                <line number="337" hits="6"/>
                <line number="338" hits="6"/>
                <line number="339" hits="6"/>
                <line number="340" hits="6"/>
                <line number="341" hits="6"/>
                <line number="342" hits="6"/>
                <line number="343" hits="6"/>
                <line number="344" hits="6"/>
                <line number="345" hits="6"/>
                <line number="346" hits="6"/>
                <line number="347" hits="6"/>
                <line number="348" hits="6"/>
                <line number="349" hits="6"/>
                <line number="350" hits="6"/>
                <line number="351" hits="6"/>
                <line number="352" hits="6"/>
                <line number="353" hits="6"/>
                <line number="354" hits="6"/>
                <line number="355" hits="6"/>
                <line number="356" hits="6"/>
                <line number="357" hits="6"/>
                <line number="358" hits="6"/>
                <line number="359" hits="6"/>
                <line number="360" hits="6"/>
                <line number="361" hits="6"/>
                <line number="362" hits="6"/>
                <line number="363" hits="6"/>
                <line number="364" hits="6"/>
                <line number="365" hits="6"/>
              </lines>
            </method>
          </methods>
          <lines>
            <line number="285" hits="6"/>
            <line number="286" hits="6"/>
            <line number="287" hits="6"/>
            <line number="288" hits="6"/>
            <line number="289" hits="6"/>
            <line number="290" hits="6"/>
            <line number="291" hits="6"/>
            <line number="292" hits="6"/>
            <line number="293" hits="6"/>
            <line number="294" hits="6"/>
            <line number="295" hits="6"/>
            <line number="296" hits="6"/>
            <line number="297" hits="6"/>
            <line number="298" hits="6"/>
            <line number="299" hits="6"/>
            <line number="300" hits="6"/>
            <line number="301" hits="6"/>
            <line number="302" hits="6"/>
            <line number="303" hits="6"/>
            <line number="304" hits="6"/>
            <line number="305" hits="6"/>
            <line number="306" hits="6"/>
            <line number="307" hits="6"/>
            <line number="308" hits="6"/>
            <line number="309" hits="6"/>
            <line number="310" hits="6"/>
            <line number="311" hits="6"/>
            <line number="312" hits="6"/>
            <line number="313" hits="6"/>
            <line number="314" hits="6"/>
            <line number="315" hits="6"/>
            <line number="316" hits="6"/>
            <line number="317" hits="6"/>
            <line number="318" hits="6"/>
            <line number="319" hits="6"/>
            <line number="320" hits="6"/>
            <line number="321" hits="6"/>
            <line number="322" hits="6"/>
            <line number="323" hits="6"/>
            <line number="324" hits="6"/>
            <line number="325" hits="6"/>
            <line number="326" hits="6"/>
            <line number="327" hits="6"/>
            <line number="328" hits="6"/>
            <line number="329" hits="6"/>
            <line number="330" hits="6"/>
            <line number="331" hits="6"/>
            <line number="332" hits="6"/>
            <line number="333" hits="6"/>
            <line number="334" hits="6"/>
            <line number="335" hits="6"/>
            <line number="336" hits="6"/>
            <line number="337" hits="6"/>
            <line number="338" hits="6"/>
            <line number="339" hits="6"/>
            <line number="340" hits="6"/>
            <line number="341" hits="6"/>
            <line number="342" hits="6"/>
            <line number="343" hits="6"/>
            <line number="344" hits="6"/>
            <line number="345" hits="6"/>
            <line number="346" hits="6"/>
            <line number="347" hits="6"/>
            <line number="348" hits="6"/>
            <line number="349" hits="6"/>
            <line number="350" hits="6"/>
            <line number="351" hits="6"/>
            <line number="352" hits="6"/>
            <line number="353" hits="6"/>
            <line number="354" hits="6"/>
            <line number="355" hits="6"/>
            <line number="356" hits="6"/>
            <line number="357" hits="6"/>
            <line number="358" hits="6"/>
            <line number="359" hits="6"/>
            <line number="360" hits="6"/>
            <line number="361" hits="6"/>
            <line number="362" hits="6"/>
            <line number="363" hits="6"/>
            <line number="364" hits="6"/>
            <line number="365" hits="6"/>
          </lines>
        </class>
      </classes>
    </package>
    <package name="Models/Location.php" line-rate="1" branch-rate="0" complexity="1">
      <classes>
        <class name="Playground\Crm\Models\Location" filename="Models/Location.php" line-rate="1" branch-rate="0" complexity="1">
          <methods>
            <method name="casts" signature="" line-rate="1" branch-rate="0" complexity="1">
              <lines>
                <line number="285" hits="6"/>
                <line number="286" hits="6"/>
                <line number="287" hits="6"/>
                <line number="288" hits="6"/>
                <line number="289" hits="6"/>
                <line number="290" hits="6"/>
                <line number="291" hits="6"/>
                <line number="292" hits="6"/>
                <line number="293" hits="6"/>
                <line number="294" hits="6"/>
                <line number="295" hits="6"/>
                <line number="296" hits="6"/>
                <line number="297" hits="6"/>
                <line number="298" hits="6"/>
                <line number="299" hits="6"/>
                <line number="300" hits="6"/>
                <line number="301" hits="6"/>
                <line number="302" hits="6"/>
                <line number="303" hits="6"/>
                <line number="304" hits="6"/>
                <line number="305" hits="6"/>
                <line number="306" hits="6"/>
                <line number="307" hits="6"/>
                <line number="308" hits="6"/>
                <line number="309" hits="6"/>
                <line number="310" hits="6"/>
                <line number="311" hits="6"/>
                <line number="312" hits="6"/>
                <line number="313" hits="6"/>
                <line number="314" hits="6"/>
                <line number="315" hits="6"/>
                <line number="316" hits="6"/>
                <line number="317" hits="6"/>
                <line number="318" hits="6"/>
                <line number="319" hits="6"/>
                <line number="320" hits="6"/>
                <line number="321" hits="6"/>
                <line number="322" hits="6"/>
                <line number="323" hits="6"/>
                <line number="324" hits="6"/>
                <line number="325" hits="6"/>
                <line number="326" hits="6"/>
                <line number="327" hits="6"/>
                <line number="328" hits="6"/>
                <line number="329" hits="6"/>
                <line number="330" hits="6"/>
                <line number="331" hits="6"/>
                <line number="332" hits="6"/>
                <line number="333" hits="6"/>
                <line number="334" hits="6"/>
                <line number="335" hits="6"/>
                <line number="336" hits="6"/>
                <line number="337" hits="6"/>
                <line number="338" hits="6"/>
                <line number="339" hits="6"/>
                <line number="340" hits="6"/>
                <line number="341" hits="6"/>
                <line number="342" hits="6"/>
                <line number="343" hits="6"/>
                <line number="344" hits="6"/>
                <line number="345" hits="6"/>
                <line number="346" hits="6"/>
                <line number="347" hits="6"/>
                <line number="348" hits="6"/>
                <line number="349" hits="6"/>
                <line number="350" hits="6"/>
                <line number="351" hits="6"/>
                <line number="352" hits="6"/>
                <line number="353" hits="6"/>
                <line number="354" hits="6"/>
                <line number="355" hits="6"/>
                <line number="356" hits="6"/>
                <line number="357" hits="6"/>
                <line number="358" hits="6"/>
                <line number="359" hits="6"/>
                <line number="360" hits="6"/>
                <line number="361" hits="6"/>
                <line number="362" hits="6"/>
                <line number="363" hits="6"/>
                <line number="364" hits="6"/>
                <line number="365" hits="6"/>
              </lines>
            </method>
          </methods>
          <lines>
            <line number="285" hits="6"/>
            <line number="286" hits="6"/>
            <line number="287" hits="6"/>
            <line number="288" hits="6"/>
            <line number="289" hits="6"/>
            <line number="290" hits="6"/>
            <line number="291" hits="6"/>
            <line number="292" hits="6"/>
            <line number="293" hits="6"/>
            <line number="294" hits="6"/>
            <line number="295" hits="6"/>
            <line number="296" hits="6"/>
            <line number="297" hits="6"/>
            <line number="298" hits="6"/>
            <line number="299" hits="6"/>
            <line number="300" hits="6"/>
            <line number="301" hits="6"/>
            <line number="302" hits="6"/>
            <line number="303" hits="6"/>
            <line number="304" hits="6"/>
            <line number="305" hits="6"/>
            <line number="306" hits="6"/>
            <line number="307" hits="6"/>
            <line number="308" hits="6"/>
            <line number="309" hits="6"/>
            <line number="310" hits="6"/>
            <line number="311" hits="6"/>
            <line number="312" hits="6"/>
            <line number="313" hits="6"/>
            <line number="314" hits="6"/>
            <line number="315" hits="6"/>
            <line number="316" hits="6"/>
            <line number="317" hits="6"/>
            <line number="318" hits="6"/>
            <line number="319" hits="6"/>
            <line number="320" hits="6"/>
            <line number="321" hits="6"/>
            <line number="322" hits="6"/>
            <line number="323" hits="6"/>
            <line number="324" hits="6"/>
            <line number="325" hits="6"/>
            <line number="326" hits="6"/>
            <line number="327" hits="6"/>
            <line number="328" hits="6"/>
            <line number="329" hits="6"/>
            <line number="330" hits="6"/>
            <line number="331" hits="6"/>
            <line number="332" hits="6"/>
            <line number="333" hits="6"/>
            <line number="334" hits="6"/>
            <line number="335" hits="6"/>
            <line number="336" hits="6"/>
            <line number="337" hits="6"/>
            <line number="338" hits="6"/>
            <line number="339" hits="6"/>
            <line number="340" hits="6"/>
            <line number="341" hits="6"/>
            <line number="342" hits="6"/>
            <line number="343" hits="6"/>
            <line number="344" hits="6"/>
            <line number="345" hits="6"/>
            <line number="346" hits="6"/>
            <line number="347" hits="6"/>
            <line number="348" hits="6"/>
            <line number="349" hits="6"/>
            <line number="350" hits="6"/>
            <line number="351" hits="6"/>
            <line number="352" hits="6"/>
            <line number="353" hits="6"/>
            <line number="354" hits="6"/>
            <line number="355" hits="6"/>
            <line number="356" hits="6"/>
            <line number="357" hits="6"/>
            <line number="358" hits="6"/>
            <line number="359" hits="6"/>
            <line number="360" hits="6"/>
            <line number="361" hits="6"/>
            <line number="362" hits="6"/>
            <line number="363" hits="6"/>
            <line number="364" hits="6"/>
            <line number="365" hits="6"/>
          </lines>
        </class>
      </classes>
    </package>
    <package name="Models/Organization.php" line-rate="1" branch-rate="0" complexity="1">
      <classes>
        <class name="Playground\Crm\Models\Organization" filename="Models/Organization.php" line-rate="1" branch-rate="0" complexity="1">
          <methods>
            <method name="casts" signature="" line-rate="1" branch-rate="0" complexity="1">
              <lines>
                <line number="285" hits="6"/>
                <line number="286" hits="6"/>
                <line number="287" hits="6"/>
                <line number="288" hits="6"/>
                <line number="289" hits="6"/>
                <line number="290" hits="6"/>
                <line number="291" hits="6"/>
                <line number="292" hits="6"/>
                <line number="293" hits="6"/>
                <line number="294" hits="6"/>
                <line number="295" hits="6"/>
                <line number="296" hits="6"/>
                <line number="297" hits="6"/>
                <line number="298" hits="6"/>
                <line number="299" hits="6"/>
                <line number="300" hits="6"/>
                <line number="301" hits="6"/>
                <line number="302" hits="6"/>
                <line number="303" hits="6"/>
                <line number="304" hits="6"/>
                <line number="305" hits="6"/>
                <line number="306" hits="6"/>
                <line number="307" hits="6"/>
                <line number="308" hits="6"/>
                <line number="309" hits="6"/>
                <line number="310" hits="6"/>
                <line number="311" hits="6"/>
                <line number="312" hits="6"/>
                <line number="313" hits="6"/>
                <line number="314" hits="6"/>
                <line number="315" hits="6"/>
                <line number="316" hits="6"/>
                <line number="317" hits="6"/>
                <line number="318" hits="6"/>
                <line number="319" hits="6"/>
                <line number="320" hits="6"/>
                <line number="321" hits="6"/>
                <line number="322" hits="6"/>
                <line number="323" hits="6"/>
                <line number="324" hits="6"/>
                <line number="325" hits="6"/>
                <line number="326" hits="6"/>
                <line number="327" hits="6"/>
                <line number="328" hits="6"/>
                <line number="329" hits="6"/>
                <line number="330" hits="6"/>
                <line number="331" hits="6"/>
                <line number="332" hits="6"/>
                <line number="333" hits="6"/>
                <line number="334" hits="6"/>
                <line number="335" hits="6"/>
                <line number="336" hits="6"/>
                <line number="337" hits="6"/>
                <line number="338" hits="6"/>
                <line number="339" hits="6"/>
                <line number="340" hits="6"/>
                <line number="341" hits="6"/>
                <line number="342" hits="6"/>
                <line number="343" hits="6"/>
                <line number="344" hits="6"/>
                <line number="345" hits="6"/>
                <line number="346" hits="6"/>
                <line number="347" hits="6"/>
                <line number="348" hits="6"/>
                <line number="349" hits="6"/>
                <line number="350" hits="6"/>
                <line number="351" hits="6"/>
                <line number="352" hits="6"/>
                <line number="353" hits="6"/>
                <line number="354" hits="6"/>
                <line number="355" hits="6"/>
                <line number="356" hits="6"/>
                <line number="357" hits="6"/>
                <line number="358" hits="6"/>
                <line number="359" hits="6"/>
                <line number="360" hits="6"/>
                <line number="361" hits="6"/>
                <line number="362" hits="6"/>
                <line number="363" hits="6"/>
                <line number="364" hits="6"/>
                <line number="365" hits="6"/>
              </lines>
            </method>
          </methods>
          <lines>
            <line number="285" hits="6"/>
            <line number="286" hits="6"/>
            <line number="287" hits="6"/>
            <line number="288" hits="6"/>
            <line number="289" hits="6"/>
            <line number="290" hits="6"/>
            <line number="291" hits="6"/>
            <line number="292" hits="6"/>
            <line number="293" hits="6"/>
            <line number="294" hits="6"/>
            <line number="295" hits="6"/>
            <line number="296" hits="6"/>
            <line number="297" hits="6"/>
            <line number="298" hits="6"/>
            <line number="299" hits="6"/>
            <line number="300" hits="6"/>
            <line number="301" hits="6"/>
            <line number="302" hits="6"/>
            <line number="303" hits="6"/>
            <line number="304" hits="6"/>
            <line number="305" hits="6"/>
            <line number="306" hits="6"/>
            <line number="307" hits="6"/>
            <line number="308" hits="6"/>
            <line number="309" hits="6"/>
            <line number="310" hits="6"/>
            <line number="311" hits="6"/>
            <line number="312" hits="6"/>
            <line number="313" hits="6"/>
            <line number="314" hits="6"/>
            <line number="315" hits="6"/>
            <line number="316" hits="6"/>
            <line number="317" hits="6"/>
            <line number="318" hits="6"/>
            <line number="319" hits="6"/>
            <line number="320" hits="6"/>
            <line number="321" hits="6"/>
            <line number="322" hits="6"/>
            <line number="323" hits="6"/>
            <line number="324" hits="6"/>
            <line number="325" hits="6"/>
            <line number="326" hits="6"/>
            <line number="327" hits="6"/>
            <line number="328" hits="6"/>
            <line number="329" hits="6"/>
            <line number="330" hits="6"/>
            <line number="331" hits="6"/>
            <line number="332" hits="6"/>
            <line number="333" hits="6"/>
            <line number="334" hits="6"/>
            <line number="335" hits="6"/>
            <line number="336" hits="6"/>
            <line number="337" hits="6"/>
            <line number="338" hits="6"/>
            <line number="339" hits="6"/>
            <line number="340" hits="6"/>
            <line number="341" hits="6"/>
            <line number="342" hits="6"/>
            <line number="343" hits="6"/>
            <line number="344" hits="6"/>
            <line number="345" hits="6"/>
            <line number="346" hits="6"/>
            <line number="347" hits="6"/>
            <line number="348" hits="6"/>
            <line number="349" hits="6"/>
            <line number="350" hits="6"/>
            <line number="351" hits="6"/>
            <line number="352" hits="6"/>
            <line number="353" hits="6"/>
            <line number="354" hits="6"/>
            <line number="355" hits="6"/>
            <line number="356" hits="6"/>
            <line number="357" hits="6"/>
            <line number="358" hits="6"/>
            <line number="359" hits="6"/>
            <line number="360" hits="6"/>
            <line number="361" hits="6"/>
            <line number="362" hits="6"/>
            <line number="363" hits="6"/>
            <line number="364" hits="6"/>
            <line number="365" hits="6"/>
          </lines>
        </class>
      </classes>
    </package>
    <package name="Models/People.php" line-rate="1" branch-rate="0" complexity="1">
      <classes>
        <class name="Playground\Crm\Models\People" filename="Models/People.php" line-rate="1" branch-rate="0" complexity="1">
          <methods>
            <method name="casts" signature="" line-rate="1" branch-rate="0" complexity="1">
              <lines>
                <line number="285" hits="6"/>
                <line number="286" hits="6"/>
                <line number="287" hits="6"/>
                <line number="288" hits="6"/>
                <line number="289" hits="6"/>
                <line number="290" hits="6"/>
                <line number="291" hits="6"/>
                <line number="292" hits="6"/>
                <line number="293" hits="6"/>
                <line number="294" hits="6"/>
                <line number="295" hits="6"/>
                <line number="296" hits="6"/>
                <line number="297" hits="6"/>
                <line number="298" hits="6"/>
                <line number="299" hits="6"/>
                <line number="300" hits="6"/>
                <line number="301" hits="6"/>
                <line number="302" hits="6"/>
                <line number="303" hits="6"/>
                <line number="304" hits="6"/>
                <line number="305" hits="6"/>
                <line number="306" hits="6"/>
                <line number="307" hits="6"/>
                <line number="308" hits="6"/>
                <line number="309" hits="6"/>
                <line number="310" hits="6"/>
                <line number="311" hits="6"/>
                <line number="312" hits="6"/>
                <line number="313" hits="6"/>
                <line number="314" hits="6"/>
                <line number="315" hits="6"/>
                <line number="316" hits="6"/>
                <line number="317" hits="6"/>
                <line number="318" hits="6"/>
                <line number="319" hits="6"/>
                <line number="320" hits="6"/>
                <line number="321" hits="6"/>
                <line number="322" hits="6"/>
                <line number="323" hits="6"/>
                <line number="324" hits="6"/>
                <line number="325" hits="6"/>
                <line number="326" hits="6"/>
                <line number="327" hits="6"/>
                <line number="328" hits="6"/>
                <line number="329" hits="6"/>
                <line number="330" hits="6"/>
                <line number="331" hits="6"/>
                <line number="332" hits="6"/>
                <line number="333" hits="6"/>
                <line number="334" hits="6"/>
                <line number="335" hits="6"/>
                <line number="336" hits="6"/>
                <line number="337" hits="6"/>
                <line number="338" hits="6"/>
                <line number="339" hits="6"/>
                <line number="340" hits="6"/>
                <line number="341" hits="6"/>
                <line number="342" hits="6"/>
                <line number="343" hits="6"/>
                <line number="344" hits="6"/>
                <line number="345" hits="6"/>
                <line number="346" hits="6"/>
                <line number="347" hits="6"/>
                <line number="348" hits="6"/>
                <line number="349" hits="6"/>
                <line number="350" hits="6"/>
                <line number="351" hits="6"/>
                <line number="352" hits="6"/>
                <line number="353" hits="6"/>
                <line number="354" hits="6"/>
                <line number="355" hits="6"/>
                <line number="356" hits="6"/>
                <line number="357" hits="6"/>
                <line number="358" hits="6"/>
                <line number="359" hits="6"/>
                <line number="360" hits="6"/>
                <line number="361" hits="6"/>
                <line number="362" hits="6"/>
                <line number="363" hits="6"/>
                <line number="364" hits="6"/>
              </lines>
            </method>
          </methods>
          <lines>
            <line number="285" hits="6"/>
            <line number="286" hits="6"/>
            <line number="287" hits="6"/>
            <line number="288" hits="6"/>
            <line number="289" hits="6"/>
            <line number="290" hits="6"/>
            <line number="291" hits="6"/>
            <line number="292" hits="6"/>
            <line number="293" hits="6"/>
            <line number="294" hits="6"/>
            <line number="295" hits="6"/>
            <line number="296" hits="6"/>
            <line number="297" hits="6"/>
            <line number="298" hits="6"/>
            <line number="299" hits="6"/>
            <line number="300" hits="6"/>
            <line number="301" hits="6"/>
            <line number="302" hits="6"/>
            <line number="303" hits="6"/>
            <line number="304" hits="6"/>
            <line number="305" hits="6"/>
            <line number="306" hits="6"/>
            <line number="307" hits="6"/>
            <line number="308" hits="6"/>
            <line number="309" hits="6"/>
            <line number="310" hits="6"/>
            <line number="311" hits="6"/>
            <line number="312" hits="6"/>
            <line number="313" hits="6"/>
            <line number="314" hits="6"/>
            <line number="315" hits="6"/>
            <line number="316" hits="6"/>
            <line number="317" hits="6"/>
            <line number="318" hits="6"/>
            <line number="319" hits="6"/>
            <line number="320" hits="6"/>
            <line number="321" hits="6"/>
            <line number="322" hits="6"/>
            <line number="323" hits="6"/>
            <line number="324" hits="6"/>
            <line number="325" hits="6"/>
            <line number="326" hits="6"/>
            <line number="327" hits="6"/>
            <line number="328" hits="6"/>
            <line number="329" hits="6"/>
            <line number="330" hits="6"/>
            <line number="331" hits="6"/>
            <line number="332" hits="6"/>
            <line number="333" hits="6"/>
            <line number="334" hits="6"/>
            <line number="335" hits="6"/>
            <line number="336" hits="6"/>
            <line number="337" hits="6"/>
            <line number="338" hits="6"/>
            <line number="339" hits="6"/>
            <line number="340" hits="6"/>
            <line number="341" hits="6"/>
            <line number="342" hits="6"/>
            <line number="343" hits="6"/>
            <line number="344" hits="6"/>
            <line number="345" hits="6"/>
            <line number="346" hits="6"/>
            <line number="347" hits="6"/>
            <line number="348" hits="6"/>
            <line number="349" hits="6"/>
            <line number="350" hits="6"/>
            <line number="351" hits="6"/>
            <line number="352" hits="6"/>
            <line number="353" hits="6"/>
            <line number="354" hits="6"/>
            <line number="355" hits="6"/>
            <line number="356" hits="6"/>
            <line number="357" hits="6"/>
            <line number="358" hits="6"/>
            <line number="359" hits="6"/>
            <line number="360" hits="6"/>
            <line number="361" hits="6"/>
            <line number="362" hits="6"/>
            <line number="363" hits="6"/>
            <line number="364" hits="6"/>
          </lines>
        </class>
      </classes>
    </package>
    <package name="ServiceProvider.php" line-rate="1" branch-rate="0" complexity="15">
      <classes>
        <class name="Playground\Crm\ServiceProvider" filename="ServiceProvider.php" line-rate="1" branch-rate="0" complexity="15">
          <methods>
            <method name="boot" signature="" line-rate="1" branch-rate="0" complexity="6">
              <lines>
                <line number="32" hits="31"/>
                <line number="34" hits="31"/>
                <line number="36" hits="31"/>
                <line number="38" hits="31"/>
                <line number="39" hits="31"/>
                <line number="40" hits="31"/>
                <line number="43" hits="31"/>
                <line number="46" hits="31"/>
                <line number="47" hits="30"/>
                <line number="52" hits="31"/>
                <line number="53" hits="31"/>
              </lines>
            </method>
            <method name="register" signature="" line-rate="1" branch-rate="0" complexity="1">
              <lines>
                <line number="62" hits="31"/>
                <line number="63" hits="31"/>
                <line number="64" hits="31"/>
                <line number="65" hits="31"/>
              </lines>
            </method>
            <method name="publishMigrations" signature="" line-rate="1" branch-rate="0" complexity="2">
              <lines>
                <line number="73" hits="31"/>
                <line number="75" hits="31"/>
                <line number="76" hits="31"/>
                <line number="77" hits="31"/>
                <line number="78" hits="31"/>
                <line number="79" hits="31"/>
                <line number="80" hits="31"/>
                <line number="81" hits="31"/>
                <line number="82" hits="31"/>
                <line number="85" hits="31"/>
              </lines>
            </method>
            <method name="about" signature="" line-rate="1" branch-rate="0" complexity="5">
              <lines>
                <line number="90" hits="31"/>
                <line number="91" hits="31"/>
                <line number="93" hits="31"/>
                <line number="95" hits="31"/>
                <line number="97" hits="31"/>
                <line number="98" hits="31"/>
                <line number="99" hits="31"/>
                <line number="100" hits="31"/>
                <line number="101" hits="31"/>
              </lines>
            </method>
            <method name="version" signature="" line-rate="1" branch-rate="0" complexity="1">
              <lines>
                <line number="106" hits="31"/>
              </lines>
            </method>
          </methods>
          <lines>
            <line number="32" hits="31"/>
            <line number="34" hits="31"/>
            <line number="36" hits="31"/>
            <line number="38" hits="31"/>
            <line number="39" hits="31"/>
            <line number="40" hits="31"/>
            <line number="43" hits="31"/>
            <line number="46" hits="31"/>
            <line number="47" hits="30"/>
            <line number="52" hits="31"/>
            <line number="53" hits="31"/>
            <line number="62" hits="31"/>
            <line number="63" hits="31"/>
            <line number="64" hits="31"/>
            <line number="65" hits="31"/>
            <line number="73" hits="31"/>
            <line number="75" hits="31"/>
            <line number="76" hits="31"/>
            <line number="77" hits="31"/>
            <line number="78" hits="31"/>
            <line number="79" hits="31"/>
            <line number="80" hits="31"/>
            <line number="81" hits="31"/>
            <line number="82" hits="31"/>
            <line number="85" hits="31"/>
            <line number="90" hits="31"/>
            <line number="91" hits="31"/>
            <line number="93" hits="31"/>
            <line number="95" hits="31"/>
            <line number="97" hits="31"/>
            <line number="98" hits="31"/>
            <line number="99" hits="31"/>
            <line number="100" hits="31"/>
            <line number="101" hits="31"/>
            <line number="106" hits="31"/>
          </lines>
        </class>
      </classes>
    </package>
  </packages>
</coverage>
