<?xml version="1.0" encoding="UTF-8"?>
<!DOCTYPE coverage SYSTEM "http://cobertura.sourceforge.net/xml/coverage-04.dtd">
<coverage line-rate="1" branch-rate="0" lines-covered="568" lines-valid="568" branches-covered="0" branches-valid="0" complexity="39" version="0.4" timestamp="1786550236">
  <sources>
    <source>/app/src</source>
  </sources>
  <packages>
    <package name="Models/Client.php" line-rate="1" branch-rate="0" complexity="5">
      <classes>
        <class name="Playground\Crm\Models\Client" filename="Models/Client.php" line-rate="1" branch-rate="0" complexity="5">
          <methods>
            <method name="casts" signature="" line-rate="1" branch-rate="0" complexity="1">
              <lines>
                <line number="313" hits="14"/>
                <line number="314" hits="14"/>
                <line number="315" hits="14"/>
                <line number="316" hits="14"/>
                <line number="317" hits="14"/>
                <line number="318" hits="14"/>
                <line number="319" hits="14"/>
                <line number="320" hits="14"/>
                <line number="321" hits="14"/>
                <line number="322" hits="14"/>
                <line number="323" hits="14"/>
                <line number="324" hits="14"/>
                <line number="325" hits="14"/>
                <line number="326" hits="14"/>
                <line number="327" hits="14"/>
                <line number="328" hits="14"/>
                <line number="329" hits="14"/>
                <line number="330" hits="14"/>
                <line number="331" hits="14"/>
                <line number="332" hits="14"/>
                <line number="333" hits="14"/>
                <line number="334" hits="14"/>
                <line number="335" hits="14"/>
                <line number="336" hits="14"/>
                <line number="337" hits="14"/>
                <line number="338" hits="14"/>
                <line number="339" hits="14"/>
                <line number="340" hits="14"/>
                <line number="341" hits="14"/>
                <line number="342" hits="14"/>
                <line number="343" hits="14"/>
                <line number="344" hits="14"/>
                <line number="345" hits="14"/>
                <line number="346" hits="14"/>
                <line number="347" hits="14"/>
                <line number="348" hits="14"/>
                <line number="349" hits="14"/>
                <line number="350" hits="14"/>
                <line number="351" hits="14"/>
                <line number="352" hits="14"/>
                <line number="353" hits="14"/>
                <line number="354" hits="14"/>
                <line number="355" hits="14"/>
                <line number="356" hits="14"/>
                <line number="357" hits="14"/>
                <line number="358" hits="14"/>
                <line number="359" hits="14"/>
                <line number="360" hits="14"/>
                <line number="361" hits="14"/>
                <line number="362" hits="14"/>
                <line number="363" hits="14"/>
                <line number="364" hits="14"/>
                <line number="365" hits="14"/>
                <line number="366" hits="14"/>
                <line number="367" hits="14"/>
                <line number="368" hits="14"/>
                <line number="369" hits="14"/>
                <line number="370" hits="14"/>
                <line number="371" hits="14"/>
                <line number="372" hits="14"/>
                <line number="373" hits="14"/>
                <line number="374" hits="14"/>
                <line number="375" hits="14"/>
                <line number="376" hits="14"/>
                <line number="377" hits="14"/>
                <line number="378" hits="14"/>
                <line number="379" hits="14"/>
                <line number="380" hits="14"/>
                <line number="381" hits="14"/>
                <line number="382" hits="14"/>
                <line number="383" hits="14"/>
                <line number="384" hits="14"/>
                <line number="385" hits="14"/>
                <line number="386" hits="14"/>
                <line number="387" hits="14"/>
                <line number="388" hits="14"/>
                <line number="389" hits="14"/>
                <line number="390" hits="14"/>
                <line number="391" hits="14"/>
                <line number="392" hits="14"/>
                <line number="393" hits="14"/>
                <line number="394" hits="14"/>
                <line number="395" hits="14"/>
                <line number="396" hits="14"/>
                <line number="397" hits="14"/>
                <line number="398" hits="14"/>
                <line number="399" hits="14"/>
              </lines>
            </method>
            <method name="contact" signature="" line-rate="1" branch-rate="0" complexity="1">
              <lines>
                <line number="409" hits="2"/>
                <line number="410" hits="2"/>
                <line number="411" hits="2"/>
                <line number="412" hits="2"/>
                <line number="413" hits="2"/>
              </lines>
            </method>
            <method name="location" signature="" line-rate="1" branch-rate="0" complexity="1">
              <lines>
                <line number="423" hits="2"/>
                <line number="424" hits="2"/>
                <line number="425" hits="2"/>
                <line number="426" hits="2"/>
                <line number="427" hits="2"/>
              </lines>
            </method>
            <method name="organization" signature="" line-rate="1" branch-rate="0" complexity="1">
              <lines>
                <line number="437" hits="2"/>
                <line number="438" hits="2"/>
                <line number="439" hits="2"/>
                <line number="440" hits="2"/>
                <line number="441" hits="2"/>
              </lines>
            </method>
            <method name="people" signature="" line-rate="1" branch-rate="0" complexity="1">
              <lines>
                <line number="451" hits="2"/>
                <line number="452" hits="2"/>
                <line number="453" hits="2"/>
                <line number="454" hits="2"/>
                <line number="455" hits="2"/>
              </lines>
            </method>
          </methods>
          <lines>
            <line number="313" hits="14"/>
            <line number="314" hits="14"/>
            <line number="315" hits="14"/>
            <line number="316" hits="14"/>
            <line number="317" hits="14"/>
            <line number="318" hits="14"/>
            <line number="319" hits="14"/>
            <line number="320" hits="14"/>
            <line number="321" hits="14"/>
            <line number="322" hits="14"/>
            <line number="323" hits="14"/>
            <line number="324" hits="14"/>
            <line number="325" hits="14"/>
            <line number="326" hits="14"/>
            <line number="327" hits="14"/>
            <line number="328" hits="14"/>
            <line number="329" hits="14"/>
            <line number="330" hits="14"/>
            <line number="331" hits="14"/>
            <line number="332" hits="14"/>
            <line number="333" hits="14"/>
            <line number="334" hits="14"/>
            <line number="335" hits="14"/>
            <line number="336" hits="14"/>
            <line number="337" hits="14"/>
            <line number="338" hits="14"/>
            <line number="339" hits="14"/>
            <line number="340" hits="14"/>
            <line number="341" hits="14"/>
            <line number="342" hits="14"/>
            <line number="343" hits="14"/>
            <line number="344" hits="14"/>
            <line number="345" hits="14"/>
            <line number="346" hits="14"/>
            <line number="347" hits="14"/>
            <line number="348" hits="14"/>
            <line number="349" hits="14"/>
            <line number="350" hits="14"/>
            <line number="351" hits="14"/>
            <line number="352" hits="14"/>
            <line number="353" hits="14"/>
            <line number="354" hits="14"/>
            <line number="355" hits="14"/>
            <line number="356" hits="14"/>
            <line number="357" hits="14"/>
            <line number="358" hits="14"/>
            <line number="359" hits="14"/>
            <line number="360" hits="14"/>
            <line number="361" hits="14"/>
            <line number="362" hits="14"/>
            <line number="363" hits="14"/>
            <line number="364" hits="14"/>
            <line number="365" hits="14"/>
            <line number="366" hits="14"/>
            <line number="367" hits="14"/>
            <line number="368" hits="14"/>
            <line number="369" hits="14"/>
            <line number="370" hits="14"/>
            <line number="371" hits="14"/>
            <line number="372" hits="14"/>
            <line number="373" hits="14"/>
            <line number="374" hits="14"/>
            <line number="375" hits="14"/>
            <line number="376" hits="14"/>
            <line number="377" hits="14"/>
            <line number="378" hits="14"/>
            <line number="379" hits="14"/>
            <line number="380" hits="14"/>
            <line number="381" hits="14"/>
            <line number="382" hits="14"/>
            <line number="383" hits="14"/>
            <line number="384" hits="14"/>
            <line number="385" hits="14"/>
            <line number="386" hits="14"/>
            <line number="387" hits="14"/>
            <line number="388" hits="14"/>
            <line number="389" hits="14"/>
            <line number="390" hits="14"/>
            <line number="391" hits="14"/>
            <line number="392" hits="14"/>
            <line number="393" hits="14"/>
            <line number="394" hits="14"/>
            <line number="395" hits="14"/>
            <line number="396" hits="14"/>
            <line number="397" hits="14"/>
            <line number="398" hits="14"/>
            <line number="399" hits="14"/>
            <line number="409" hits="2"/>
            <line number="410" hits="2"/>
            <line number="411" hits="2"/>
            <line number="412" hits="2"/>
            <line number="413" hits="2"/>
            <line number="423" hits="2"/>
            <line number="424" hits="2"/>
            <line number="425" hits="2"/>
            <line number="426" hits="2"/>
            <line number="427" hits="2"/>
            <line number="437" hits="2"/>
            <line number="438" hits="2"/>
            <line number="439" hits="2"/>
            <line number="440" hits="2"/>
            <line number="441" hits="2"/>
            <line number="451" hits="2"/>
            <line number="452" hits="2"/>
            <line number="453" hits="2"/>
            <line number="454" hits="2"/>
            <line number="455" hits="2"/>
          </lines>
        </class>
      </classes>
    </package>
    <package name="Models/Contact.php" line-rate="1" branch-rate="0" complexity="5">
      <classes>
        <class name="Playground\Crm\Models\Contact" filename="Models/Contact.php" line-rate="1" branch-rate="0" complexity="5">
          <methods>
            <method name="casts" signature="" line-rate="1" branch-rate="0" complexity="1">
              <lines>
                <line number="313" hits="14"/>
                <line number="314" hits="14"/>
                <line number="315" hits="14"/>
                <line number="316" hits="14"/>
                <line number="317" hits="14"/>
                <line number="318" hits="14"/>
                <line number="319" hits="14"/>
                <line number="320" hits="14"/>
                <line number="321" hits="14"/>
                <line number="322" hits="14"/>
                <line number="323" hits="14"/>
                <line number="324" hits="14"/>
                <line number="325" hits="14"/>
                <line number="326" hits="14"/>
                <line number="327" hits="14"/>
                <line number="328" hits="14"/>
                <line number="329" hits="14"/>
                <line number="330" hits="14"/>
                <line number="331" hits="14"/>
                <line number="332" hits="14"/>
                <line number="333" hits="14"/>
                <line number="334" hits="14"/>
                <line number="335" hits="14"/>
                <line number="336" hits="14"/>
                <line number="337" hits="14"/>
                <line number="338" hits="14"/>
                <line number="339" hits="14"/>
                <line number="340" hits="14"/>
                <line number="341" hits="14"/>
                <line number="342" hits="14"/>
                <line number="343" hits="14"/>
                <line number="344" hits="14"/>
                <line number="345" hits="14"/>
                <line number="346" hits="14"/>
                <line number="347" hits="14"/>
                <line number="348" hits="14"/>
                <line number="349" hits="14"/>
                <line number="350" hits="14"/>
                <line number="351" hits="14"/>
                <line number="352" hits="14"/>
                <line number="353" hits="14"/>
                <line number="354" hits="14"/>
                <line number="355" hits="14"/>
                <line number="356" hits="14"/>
                <line number="357" hits="14"/>
                <line number="358" hits="14"/>
                <line number="359" hits="14"/>
                <line number="360" hits="14"/>
                <line number="361" hits="14"/>
                <line number="362" hits="14"/>
                <line number="363" hits="14"/>
                <line number="364" hits="14"/>
                <line number="365" hits="14"/>
                <line number="366" hits="14"/>
                <line number="367" hits="14"/>
                <line number="368" hits="14"/>
                <line number="369" hits="14"/>
                <line number="370" hits="14"/>
                <line number="371" hits="14"/>
                <line number="372" hits="14"/>
                <line number="373" hits="14"/>
                <line number="374" hits="14"/>
                <line number="375" hits="14"/>
                <line number="376" hits="14"/>
                <line number="377" hits="14"/>
                <line number="378" hits="14"/>
                <line number="379" hits="14"/>
                <line number="380" hits="14"/>
                <line number="381" hits="14"/>
                <line number="382" hits="14"/>
                <line number="383" hits="14"/>
                <line number="384" hits="14"/>
                <line number="385" hits="14"/>
                <line number="386" hits="14"/>
                <line number="387" hits="14"/>
                <line number="388" hits="14"/>
                <line number="389" hits="14"/>
                <line number="390" hits="14"/>
                <line number="391" hits="14"/>
                <line number="392" hits="14"/>
                <line number="393" hits="14"/>
                <line number="394" hits="14"/>
                <line number="395" hits="14"/>
                <line number="396" hits="14"/>
                <line number="397" hits="14"/>
                <line number="398" hits="14"/>
                <line number="399" hits="14"/>
              </lines>
            </method>
            <method name="client" signature="" line-rate="1" branch-rate="0" complexity="1">
              <lines>
                <line number="409" hits="2"/>
                <line number="410" hits="2"/>
                <line number="411" hits="2"/>
                <line number="412" hits="2"/>
                <line number="413" hits="2"/>
              </lines>
            </method>
            <method name="location" signature="" line-rate="1" branch-rate="0" complexity="1">
              <lines>
                <line number="423" hits="2"/>
                <line number="424" hits="2"/>
                <line number="425" hits="2"/>
                <line number="426" hits="2"/>
                <line number="427" hits="2"/>
              </lines>
            </method>
            <method name="organization" signature="" line-rate="1" branch-rate="0" complexity="1">
              <lines>
                <line number="437" hits="2"/>
                <line number="438" hits="2"/>
                <line number="439" hits="2"/>
                <line number="440" hits="2"/>
                <line number="441" hits="2"/>
              </lines>
            </method>
            <method name="people" signature="" line-rate="1" branch-rate="0" complexity="1">
              <lines>
                <line number="451" hits="2"/>
                <line number="452" hits="2"/>
                <line number="453" hits="2"/>
                <line number="454" hits="2"/>
                <line number="455" hits="2"/>
              </lines>
            </method>
          </methods>
          <lines>
            <line number="313" hits="14"/>
            <line number="314" hits="14"/>
            <line number="315" hits="14"/>
            <line number="316" hits="14"/>
            <line number="317" hits="14"/>
            <line number="318" hits="14"/>
            <line number="319" hits="14"/>
            <line number="320" hits="14"/>
            <line number="321" hits="14"/>
            <line number="322" hits="14"/>
            <line number="323" hits="14"/>
            <line number="324" hits="14"/>
            <line number="325" hits="14"/>
            <line number="326" hits="14"/>
            <line number="327" hits="14"/>
            <line number="328" hits="14"/>
            <line number="329" hits="14"/>
            <line number="330" hits="14"/>
            <line number="331" hits="14"/>
            <line number="332" hits="14"/>
            <line number="333" hits="14"/>
            <line number="334" hits="14"/>
            <line number="335" hits="14"/>
            <line number="336" hits="14"/>
            <line number="337" hits="14"/>
            <line number="338" hits="14"/>
            <line number="339" hits="14"/>
            <line number="340" hits="14"/>
            <line number="341" hits="14"/>
            <line number="342" hits="14"/>
            <line number="343" hits="14"/>
            <line number="344" hits="14"/>
            <line number="345" hits="14"/>
            <line number="346" hits="14"/>
            <line number="347" hits="14"/>
            <line number="348" hits="14"/>
            <line number="349" hits="14"/>
            <line number="350" hits="14"/>
            <line number="351" hits="14"/>
            <line number="352" hits="14"/>
            <line number="353" hits="14"/>
            <line number="354" hits="14"/>
            <line number="355" hits="14"/>
            <line number="356" hits="14"/>
            <line number="357" hits="14"/>
            <line number="358" hits="14"/>
            <line number="359" hits="14"/>
            <line number="360" hits="14"/>
            <line number="361" hits="14"/>
            <line number="362" hits="14"/>
            <line number="363" hits="14"/>
            <line number="364" hits="14"/>
            <line number="365" hits="14"/>
            <line number="366" hits="14"/>
            <line number="367" hits="14"/>
            <line number="368" hits="14"/>
            <line number="369" hits="14"/>
            <line number="370" hits="14"/>
            <line number="371" hits="14"/>
            <line number="372" hits="14"/>
            <line number="373" hits="14"/>
            <line number="374" hits="14"/>
            <line number="375" hits="14"/>
            <line number="376" hits="14"/>
            <line number="377" hits="14"/>
            <line number="378" hits="14"/>
            <line number="379" hits="14"/>
            <line number="380" hits="14"/>
            <line number="381" hits="14"/>
            <line number="382" hits="14"/>
            <line number="383" hits="14"/>
            <line number="384" hits="14"/>
            <line number="385" hits="14"/>
            <line number="386" hits="14"/>
            <line number="387" hits="14"/>
            <line number="388" hits="14"/>
            <line number="389" hits="14"/>
            <line number="390" hits="14"/>
            <line number="391" hits="14"/>
            <line number="392" hits="14"/>
            <line number="393" hits="14"/>
            <line number="394" hits="14"/>
            <line number="395" hits="14"/>
            <line number="396" hits="14"/>
            <line number="397" hits="14"/>
            <line number="398" hits="14"/>
            <line number="399" hits="14"/>
            <line number="409" hits="2"/>
            <line number="410" hits="2"/>
            <line number="411" hits="2"/>
            <line number="412" hits="2"/>
            <line number="413" hits="2"/>
            <line number="423" hits="2"/>
            <line number="424" hits="2"/>
            <line number="425" hits="2"/>
            <line number="426" hits="2"/>
            <line number="427" hits="2"/>
            <line number="437" hits="2"/>
            <line number="438" hits="2"/>
            <line number="439" hits="2"/>
            <line number="440" hits="2"/>
            <line number="441" hits="2"/>
            <line number="451" hits="2"/>
            <line number="452" hits="2"/>
            <line number="453" hits="2"/>
            <line number="454" hits="2"/>
            <line number="455" hits="2"/>
          </lines>
        </class>
      </classes>
    </package>
    <package name="Models/Location.php" line-rate="1" branch-rate="0" complexity="5">
      <classes>
        <class name="Playground\Crm\Models\Location" filename="Models/Location.php" line-rate="1" branch-rate="0" complexity="5">
          <methods>
            <method name="casts" signature="" line-rate="1" branch-rate="0" complexity="1">
              <lines>
                <line number="313" hits="14"/>
                <line number="314" hits="14"/>
                <line number="315" hits="14"/>
                <line number="316" hits="14"/>
                <line number="317" hits="14"/>
                <line number="318" hits="14"/>
                <line number="319" hits="14"/>
                <line number="320" hits="14"/>
                <line number="321" hits="14"/>
                <line number="322" hits="14"/>
                <line number="323" hits="14"/>
                <line number="324" hits="14"/>
                <line number="325" hits="14"/>
                <line number="326" hits="14"/>
                <line number="327" hits="14"/>
                <line number="328" hits="14"/>
                <line number="329" hits="14"/>
                <line number="330" hits="14"/>
                <line number="331" hits="14"/>
                <line number="332" hits="14"/>
                <line number="333" hits="14"/>
                <line number="334" hits="14"/>
                <line number="335" hits="14"/>
                <line number="336" hits="14"/>
                <line number="337" hits="14"/>
                <line number="338" hits="14"/>
                <line number="339" hits="14"/>
                <line number="340" hits="14"/>
                <line number="341" hits="14"/>
                <line number="342" hits="14"/>
                <line number="343" hits="14"/>
                <line number="344" hits="14"/>
                <line number="345" hits="14"/>
                <line number="346" hits="14"/>
                <line number="347" hits="14"/>
                <line number="348" hits="14"/>
                <line number="349" hits="14"/>
                <line number="350" hits="14"/>
                <line number="351" hits="14"/>
                <line number="352" hits="14"/>
                <line number="353" hits="14"/>
                <line number="354" hits="14"/>
                <line number="355" hits="14"/>
                <line number="356" hits="14"/>
                <line number="357" hits="14"/>
                <line number="358" hits="14"/>
                <line number="359" hits="14"/>
                <line number="360" hits="14"/>
                <line number="361" hits="14"/>
                <line number="362" hits="14"/>
                <line number="363" hits="14"/>
                <line number="364" hits="14"/>
                <line number="365" hits="14"/>
                <line number="366" hits="14"/>
                <line number="367" hits="14"/>
                <line number="368" hits="14"/>
                <line number="369" hits="14"/>
                <line number="370" hits="14"/>
                <line number="371" hits="14"/>
                <line number="372" hits="14"/>
                <line number="373" hits="14"/>
                <line number="374" hits="14"/>
                <line number="375" hits="14"/>
                <line number="376" hits="14"/>
                <line number="377" hits="14"/>
                <line number="378" hits="14"/>
                <line number="379" hits="14"/>
                <line number="380" hits="14"/>
                <line number="381" hits="14"/>
                <line number="382" hits="14"/>
                <line number="383" hits="14"/>
                <line number="384" hits="14"/>
                <line number="385" hits="14"/>
                <line number="386" hits="14"/>
                <line number="387" hits="14"/>
                <line number="388" hits="14"/>
                <line number="389" hits="14"/>
                <line number="390" hits="14"/>
                <line number="391" hits="14"/>
                <line number="392" hits="14"/>
                <line number="393" hits="14"/>
                <line number="394" hits="14"/>
                <line number="395" hits="14"/>
                <line number="396" hits="14"/>
                <line number="397" hits="14"/>
                <line number="398" hits="14"/>
                <line number="399" hits="14"/>
              </lines>
            </method>
            <method name="client" signature="" line-rate="1" branch-rate="0" complexity="1">
              <lines>
                <line number="409" hits="2"/>
                <line number="410" hits="2"/>
                <line number="411" hits="2"/>
                <line number="412" hits="2"/>
                <line number="413" hits="2"/>
              </lines>
            </method>
            <method name="contact" signature="" line-rate="1" branch-rate="0" complexity="1">
              <lines>
                <line number="423" hits="2"/>
                <line number="424" hits="2"/>
                <line number="425" hits="2"/>
                <line number="426" hits="2"/>
                <line number="427" hits="2"/>
              </lines>
            </method>
            <method name="organization" signature="" line-rate="1" branch-rate="0" complexity="1">
              <lines>
                <line number="437" hits="2"/>
                <line number="438" hits="2"/>
                <line number="439" hits="2"/>
                <line number="440" hits="2"/>
                <line number="441" hits="2"/>
              </lines>
            </method>
            <method name="people" signature="" line-rate="1" branch-rate="0" complexity="1">
              <lines>
                <line number="451" hits="2"/>
                <line number="452" hits="2"/>
                <line number="453" hits="2"/>
                <line number="454" hits="2"/>
                <line number="455" hits="2"/>
              </lines>
            </method>
          </methods>
          <lines>
            <line number="313" hits="14"/>
            <line number="314" hits="14"/>
            <line number="315" hits="14"/>
            <line number="316" hits="14"/>
            <line number="317" hits="14"/>
            <line number="318" hits="14"/>
            <line number="319" hits="14"/>
            <line number="320" hits="14"/>
            <line number="321" hits="14"/>
            <line number="322" hits="14"/>
            <line number="323" hits="14"/>
            <line number="324" hits="14"/>
            <line number="325" hits="14"/>
            <line number="326" hits="14"/>
            <line number="327" hits="14"/>
            <line number="328" hits="14"/>
            <line number="329" hits="14"/>
            <line number="330" hits="14"/>
            <line number="331" hits="14"/>
            <line number="332" hits="14"/>
            <line number="333" hits="14"/>
            <line number="334" hits="14"/>
            <line number="335" hits="14"/>
            <line number="336" hits="14"/>
            <line number="337" hits="14"/>
            <line number="338" hits="14"/>
            <line number="339" hits="14"/>
            <line number="340" hits="14"/>
            <line number="341" hits="14"/>
            <line number="342" hits="14"/>
            <line number="343" hits="14"/>
            <line number="344" hits="14"/>
            <line number="345" hits="14"/>
            <line number="346" hits="14"/>
            <line number="347" hits="14"/>
            <line number="348" hits="14"/>
            <line number="349" hits="14"/>
            <line number="350" hits="14"/>
            <line number="351" hits="14"/>
            <line number="352" hits="14"/>
            <line number="353" hits="14"/>
            <line number="354" hits="14"/>
            <line number="355" hits="14"/>
            <line number="356" hits="14"/>
            <line number="357" hits="14"/>
            <line number="358" hits="14"/>
            <line number="359" hits="14"/>
            <line number="360" hits="14"/>
            <line number="361" hits="14"/>
            <line number="362" hits="14"/>
            <line number="363" hits="14"/>
            <line number="364" hits="14"/>
            <line number="365" hits="14"/>
            <line number="366" hits="14"/>
            <line number="367" hits="14"/>
            <line number="368" hits="14"/>
            <line number="369" hits="14"/>
            <line number="370" hits="14"/>
            <line number="371" hits="14"/>
            <line number="372" hits="14"/>
            <line number="373" hits="14"/>
            <line number="374" hits="14"/>
            <line number="375" hits="14"/>
            <line number="376" hits="14"/>
            <line number="377" hits="14"/>
            <line number="378" hits="14"/>
            <line number="379" hits="14"/>
            <line number="380" hits="14"/>
            <line number="381" hits="14"/>
            <line number="382" hits="14"/>
            <line number="383" hits="14"/>
            <line number="384" hits="14"/>
            <line number="385" hits="14"/>
            <line number="386" hits="14"/>
            <line number="387" hits="14"/>
            <line number="388" hits="14"/>
            <line number="389" hits="14"/>
            <line number="390" hits="14"/>
            <line number="391" hits="14"/>
            <line number="392" hits="14"/>
            <line number="393" hits="14"/>
            <line number="394" hits="14"/>
            <line number="395" hits="14"/>
            <line number="396" hits="14"/>
            <line number="397" hits="14"/>
            <line number="398" hits="14"/>
            <line number="399" hits="14"/>
            <line number="409" hits="2"/>
            <line number="410" hits="2"/>
            <line number="411" hits="2"/>
            <line number="412" hits="2"/>
            <line number="413" hits="2"/>
            <line number="423" hits="2"/>
            <line number="424" hits="2"/>
            <line number="425" hits="2"/>
            <line number="426" hits="2"/>
            <line number="427" hits="2"/>
            <line number="437" hits="2"/>
            <line number="438" hits="2"/>
            <line number="439" hits="2"/>
            <line number="440" hits="2"/>
            <line number="441" hits="2"/>
            <line number="451" hits="2"/>
            <line number="452" hits="2"/>
            <line number="453" hits="2"/>
            <line number="454" hits="2"/>
            <line number="455" hits="2"/>
          </lines>
        </class>
      </classes>
    </package>
    <package name="Models/Organization.php" line-rate="1" branch-rate="0" complexity="5">
      <classes>
        <class name="Playground\Crm\Models\Organization" filename="Models/Organization.php" line-rate="1" branch-rate="0" complexity="5">
          <methods>
            <method name="casts" signature="" line-rate="1" branch-rate="0" complexity="1">
              <lines>
                <line number="313" hits="14"/>
                <line number="314" hits="14"/>
                <line number="315" hits="14"/>
                <line number="316" hits="14"/>
                <line number="317" hits="14"/>
                <line number="318" hits="14"/>
                <line number="319" hits="14"/>
                <line number="320" hits="14"/>
                <line number="321" hits="14"/>
                <line number="322" hits="14"/>
                <line number="323" hits="14"/>
                <line number="324" hits="14"/>
                <line number="325" hits="14"/>
                <line number="326" hits="14"/>
                <line number="327" hits="14"/>
                <line number="328" hits="14"/>
                <line number="329" hits="14"/>
                <line number="330" hits="14"/>
                <line number="331" hits="14"/>
                <line number="332" hits="14"/>
                <line number="333" hits="14"/>
                <line number="334" hits="14"/>
                <line number="335" hits="14"/>
                <line number="336" hits="14"/>
                <line number="337" hits="14"/>
                <line number="338" hits="14"/>
                <line number="339" hits="14"/>
                <line number="340" hits="14"/>
                <line number="341" hits="14"/>
                <line number="342" hits="14"/>
                <line number="343" hits="14"/>
                <line number="344" hits="14"/>
                <line number="345" hits="14"/>
                <line number="346" hits="14"/>
                <line number="347" hits="14"/>
                <line number="348" hits="14"/>
                <line number="349" hits="14"/>
                <line number="350" hits="14"/>
                <line number="351" hits="14"/>
                <line number="352" hits="14"/>
                <line number="353" hits="14"/>
                <line number="354" hits="14"/>
                <line number="355" hits="14"/>
                <line number="356" hits="14"/>
                <line number="357" hits="14"/>
                <line number="358" hits="14"/>
                <line number="359" hits="14"/>
                <line number="360" hits="14"/>
                <line number="361" hits="14"/>
                <line number="362" hits="14"/>
                <line number="363" hits="14"/>
                <line number="364" hits="14"/>
                <line number="365" hits="14"/>
                <line number="366" hits="14"/>
                <line number="367" hits="14"/>
                <line number="368" hits="14"/>
                <line number="369" hits="14"/>
                <line number="370" hits="14"/>
                <line number="371" hits="14"/>
                <line number="372" hits="14"/>
                <line number="373" hits="14"/>
                <line number="374" hits="14"/>
                <line number="375" hits="14"/>
                <line number="376" hits="14"/>
                <line number="377" hits="14"/>
                <line number="378" hits="14"/>
                <line number="379" hits="14"/>
                <line number="380" hits="14"/>
                <line number="381" hits="14"/>
                <line number="382" hits="14"/>
                <line number="383" hits="14"/>
                <line number="384" hits="14"/>
                <line number="385" hits="14"/>
                <line number="386" hits="14"/>
                <line number="387" hits="14"/>
                <line number="388" hits="14"/>
                <line number="389" hits="14"/>
                <line number="390" hits="14"/>
                <line number="391" hits="14"/>
                <line number="392" hits="14"/>
                <line number="393" hits="14"/>
                <line number="394" hits="14"/>
                <line number="395" hits="14"/>
                <line number="396" hits="14"/>
                <line number="397" hits="14"/>
                <line number="398" hits="14"/>
                <line number="399" hits="14"/>
              </lines>
            </method>
            <method name="client" signature="" line-rate="1" branch-rate="0" complexity="1">
              <lines>
                <line number="409" hits="2"/>
                <line number="410" hits="2"/>
                <line number="411" hits="2"/>
                <line number="412" hits="2"/>
                <line number="413" hits="2"/>
              </lines>
            </method>
            <method name="contact" signature="" line-rate="1" branch-rate="0" complexity="1">
              <lines>
                <line number="423" hits="2"/>
                <line number="424" hits="2"/>
                <line number="425" hits="2"/>
                <line number="426" hits="2"/>
                <line number="427" hits="2"/>
              </lines>
            </method>
            <method name="location" signature="" line-rate="1" branch-rate="0" complexity="1">
              <lines>
                <line number="437" hits="2"/>
                <line number="438" hits="2"/>
                <line number="439" hits="2"/>
                <line number="440" hits="2"/>
                <line number="441" hits="2"/>
              </lines>
            </method>
            <method name="people" signature="" line-rate="1" branch-rate="0" complexity="1">
              <lines>
                <line number="451" hits="2"/>
                <line number="452" hits="2"/>
                <line number="453" hits="2"/>
                <line number="454" hits="2"/>
                <line number="455" hits="2"/>
              </lines>
            </method>
          </methods>
          <lines>
            <line number="313" hits="14"/>
            <line number="314" hits="14"/>
            <line number="315" hits="14"/>
            <line number="316" hits="14"/>
            <line number="317" hits="14"/>
            <line number="318" hits="14"/>
            <line number="319" hits="14"/>
            <line number="320" hits="14"/>
            <line number="321" hits="14"/>
            <line number="322" hits="14"/>
            <line number="323" hits="14"/>
            <line number="324" hits="14"/>
            <line number="325" hits="14"/>
            <line number="326" hits="14"/>
            <line number="327" hits="14"/>
            <line number="328" hits="14"/>
            <line number="329" hits="14"/>
            <line number="330" hits="14"/>
            <line number="331" hits="14"/>
            <line number="332" hits="14"/>
            <line number="333" hits="14"/>
            <line number="334" hits="14"/>
            <line number="335" hits="14"/>
            <line number="336" hits="14"/>
            <line number="337" hits="14"/>
            <line number="338" hits="14"/>
            <line number="339" hits="14"/>
            <line number="340" hits="14"/>
            <line number="341" hits="14"/>
            <line number="342" hits="14"/>
            <line number="343" hits="14"/>
            <line number="344" hits="14"/>
            <line number="345" hits="14"/>
            <line number="346" hits="14"/>
            <line number="347" hits="14"/>
            <line number="348" hits="14"/>
            <line number="349" hits="14"/>
            <line number="350" hits="14"/>
            <line number="351" hits="14"/>
            <line number="352" hits="14"/>
            <line number="353" hits="14"/>
            <line number="354" hits="14"/>
            <line number="355" hits="14"/>
            <line number="356" hits="14"/>
            <line number="357" hits="14"/>
            <line number="358" hits="14"/>
            <line number="359" hits="14"/>
            <line number="360" hits="14"/>
            <line number="361" hits="14"/>
            <line number="362" hits="14"/>
            <line number="363" hits="14"/>
            <line number="364" hits="14"/>
            <line number="365" hits="14"/>
            <line number="366" hits="14"/>
            <line number="367" hits="14"/>
            <line number="368" hits="14"/>
            <line number="369" hits="14"/>
            <line number="370" hits="14"/>
            <line number="371" hits="14"/>
            <line number="372" hits="14"/>
            <line number="373" hits="14"/>
            <line number="374" hits="14"/>
            <line number="375" hits="14"/>
            <line number="376" hits="14"/>
            <line number="377" hits="14"/>
            <line number="378" hits="14"/>
            <line number="379" hits="14"/>
            <line number="380" hits="14"/>
            <line number="381" hits="14"/>
            <line number="382" hits="14"/>
            <line number="383" hits="14"/>
            <line number="384" hits="14"/>
            <line number="385" hits="14"/>
            <line number="386" hits="14"/>
            <line number="387" hits="14"/>
            <line number="388" hits="14"/>
            <line number="389" hits="14"/>
            <line number="390" hits="14"/>
            <line number="391" hits="14"/>
            <line number="392" hits="14"/>
            <line number="393" hits="14"/>
            <line number="394" hits="14"/>
            <line number="395" hits="14"/>
            <line number="396" hits="14"/>
            <line number="397" hits="14"/>
            <line number="398" hits="14"/>
            <line number="399" hits="14"/>
            <line number="409" hits="2"/>
            <line number="410" hits="2"/>
            <line number="411" hits="2"/>
            <line number="412" hits="2"/>
            <line number="413" hits="2"/>
            <line number="423" hits="2"/>
            <line number="424" hits="2"/>
            <line number="425" hits="2"/>
            <line number="426" hits="2"/>
            <line number="427" hits="2"/>
            <line number="437" hits="2"/>
            <line number="438" hits="2"/>
            <line number="439" hits="2"/>
            <line number="440" hits="2"/>
            <line number="441" hits="2"/>
            <line number="451" hits="2"/>
            <line number="452" hits="2"/>
            <line number="453" hits="2"/>
            <line number="454" hits="2"/>
            <line number="455" hits="2"/>
          </lines>
        </class>
      </classes>
    </package>
    <package name="Models/People.php" line-rate="1" branch-rate="0" complexity="5">
      <classes>
        <class name="Playground\Crm\Models\People" filename="Models/People.php" line-rate="1" branch-rate="0" complexity="5">
          <methods>
            <method name="casts" signature="" line-rate="1" branch-rate="0" complexity="1">
              <lines>
                <line number="313" hits="14"/>
                <line number="314" hits="14"/>
                <line number="315" hits="14"/>
                <line number="316" hits="14"/>
                <line number="317" hits="14"/>
                <line number="318" hits="14"/>
                <line number="319" hits="14"/>
                <line number="320" hits="14"/>
                <line number="321" hits="14"/>
                <line number="322" hits="14"/>
                <line number="323" hits="14"/>
                <line number="324" hits="14"/>
                <line number="325" hits="14"/>
                <line number="326" hits="14"/>
                <line number="327" hits="14"/>
                <line number="328" hits="14"/>
                <line number="329" hits="14"/>
                <line number="330" hits="14"/>
                <line number="331" hits="14"/>
                <line number="332" hits="14"/>
                <line number="333" hits="14"/>
                <line number="334" hits="14"/>
                <line number="335" hits="14"/>
                <line number="336" hits="14"/>
                <line number="337" hits="14"/>
                <line number="338" hits="14"/>
                <line number="339" hits="14"/>
                <line number="340" hits="14"/>
                <line number="341" hits="14"/>
                <line number="342" hits="14"/>
                <line number="343" hits="14"/>
                <line number="344" hits="14"/>
                <line number="345" hits="14"/>
                <line number="346" hits="14"/>
                <line number="347" hits="14"/>
                <line number="348" hits="14"/>
                <line number="349" hits="14"/>
                <line number="350" hits="14"/>
                <line number="351" hits="14"/>
                <line number="352" hits="14"/>
                <line number="353" hits="14"/>
                <line number="354" hits="14"/>
                <line number="355" hits="14"/>
                <line number="356" hits="14"/>
                <line number="357" hits="14"/>
                <line number="358" hits="14"/>
                <line number="359" hits="14"/>
                <line number="360" hits="14"/>
                <line number="361" hits="14"/>
                <line number="362" hits="14"/>
                <line number="363" hits="14"/>
                <line number="364" hits="14"/>
                <line number="365" hits="14"/>
                <line number="366" hits="14"/>
                <line number="367" hits="14"/>
                <line number="368" hits="14"/>
                <line number="369" hits="14"/>
                <line number="370" hits="14"/>
                <line number="371" hits="14"/>
                <line number="372" hits="14"/>
                <line number="373" hits="14"/>
                <line number="374" hits="14"/>
                <line number="375" hits="14"/>
                <line number="376" hits="14"/>
                <line number="377" hits="14"/>
                <line number="378" hits="14"/>
                <line number="379" hits="14"/>
                <line number="380" hits="14"/>
                <line number="381" hits="14"/>
                <line number="382" hits="14"/>
                <line number="383" hits="14"/>
                <line number="384" hits="14"/>
                <line number="385" hits="14"/>
                <line number="386" hits="14"/>
                <line number="387" hits="14"/>
                <line number="388" hits="14"/>
                <line number="389" hits="14"/>
                <line number="390" hits="14"/>
                <line number="391" hits="14"/>
                <line number="392" hits="14"/>
                <line number="393" hits="14"/>
                <line number="394" hits="14"/>
                <line number="395" hits="14"/>
                <line number="396" hits="14"/>
                <line number="397" hits="14"/>
                <line number="398" hits="14"/>
                <line number="399" hits="14"/>
              </lines>
            </method>
            <method name="client" signature="" line-rate="1" branch-rate="0" complexity="1">
              <lines>
                <line number="409" hits="2"/>
                <line number="410" hits="2"/>
                <line number="411" hits="2"/>
                <line number="412" hits="2"/>
                <line number="413" hits="2"/>
              </lines>
            </method>
            <method name="contact" signature="" line-rate="1" branch-rate="0" complexity="1">
              <lines>
                <line number="423" hits="2"/>
                <line number="424" hits="2"/>
                <line number="425" hits="2"/>
                <line number="426" hits="2"/>
                <line number="427" hits="2"/>
              </lines>
            </method>
            <method name="location" signature="" line-rate="1" branch-rate="0" complexity="1">
              <lines>
                <line number="437" hits="2"/>
                <line number="438" hits="2"/>
                <line number="439" hits="2"/>
                <line number="440" hits="2"/>
                <line number="441" hits="2"/>
              </lines>
            </method>
            <method name="organization" signature="" line-rate="1" branch-rate="0" complexity="1">
              <lines>
                <line number="451" hits="2"/>
                <line number="452" hits="2"/>
                <line number="453" hits="2"/>
                <line number="454" hits="2"/>
                <line number="455" hits="2"/>
              </lines>
            </method>
          </methods>
          <lines>
            <line number="313" hits="14"/>
            <line number="314" hits="14"/>
            <line number="315" hits="14"/>
            <line number="316" hits="14"/>
            <line number="317" hits="14"/>
            <line number="318" hits="14"/>
            <line number="319" hits="14"/>
            <line number="320" hits="14"/>
            <line number="321" hits="14"/>
            <line number="322" hits="14"/>
            <line number="323" hits="14"/>
            <line number="324" hits="14"/>
            <line number="325" hits="14"/>
            <line number="326" hits="14"/>
            <line number="327" hits="14"/>
            <line number="328" hits="14"/>
            <line number="329" hits="14"/>
            <line number="330" hits="14"/>
            <line number="331" hits="14"/>
            <line number="332" hits="14"/>
            <line number="333" hits="14"/>
            <line number="334" hits="14"/>
            <line number="335" hits="14"/>
            <line number="336" hits="14"/>
            <line number="337" hits="14"/>
            <line number="338" hits="14"/>
            <line number="339" hits="14"/>
            <line number="340" hits="14"/>
            <line number="341" hits="14"/>
            <line number="342" hits="14"/>
            <line number="343" hits="14"/>
            <line number="344" hits="14"/>
            <line number="345" hits="14"/>
            <line number="346" hits="14"/>
            <line number="347" hits="14"/>
            <line number="348" hits="14"/>
            <line number="349" hits="14"/>
            <line number="350" hits="14"/>
            <line number="351" hits="14"/>
            <line number="352" hits="14"/>
            <line number="353" hits="14"/>
            <line number="354" hits="14"/>
            <line number="355" hits="14"/>
            <line number="356" hits="14"/>
            <line number="357" hits="14"/>
            <line number="358" hits="14"/>
            <line number="359" hits="14"/>
            <line number="360" hits="14"/>
            <line number="361" hits="14"/>
            <line number="362" hits="14"/>
            <line number="363" hits="14"/>
            <line number="364" hits="14"/>
            <line number="365" hits="14"/>
            <line number="366" hits="14"/>
            <line number="367" hits="14"/>
            <line number="368" hits="14"/>
            <line number="369" hits="14"/>
            <line number="370" hits="14"/>
            <line number="371" hits="14"/>
            <line number="372" hits="14"/>
            <line number="373" hits="14"/>
            <line number="374" hits="14"/>
            <line number="375" hits="14"/>
            <line number="376" hits="14"/>
            <line number="377" hits="14"/>
            <line number="378" hits="14"/>
            <line number="379" hits="14"/>
            <line number="380" hits="14"/>
            <line number="381" hits="14"/>
            <line number="382" hits="14"/>
            <line number="383" hits="14"/>
            <line number="384" hits="14"/>
            <line number="385" hits="14"/>
            <line number="386" hits="14"/>
            <line number="387" hits="14"/>
            <line number="388" hits="14"/>
            <line number="389" hits="14"/>
            <line number="390" hits="14"/>
            <line number="391" hits="14"/>
            <line number="392" hits="14"/>
            <line number="393" hits="14"/>
            <line number="394" hits="14"/>
            <line number="395" hits="14"/>
            <line number="396" hits="14"/>
            <line number="397" hits="14"/>
            <line number="398" hits="14"/>
            <line number="399" hits="14"/>
            <line number="409" hits="2"/>
            <line number="410" hits="2"/>
            <line number="411" hits="2"/>
            <line number="412" hits="2"/>
            <line number="413" hits="2"/>
            <line number="423" hits="2"/>
            <line number="424" hits="2"/>
            <line number="425" hits="2"/>
            <line number="426" hits="2"/>
            <line number="427" hits="2"/>
            <line number="437" hits="2"/>
            <line number="438" hits="2"/>
            <line number="439" hits="2"/>
            <line number="440" hits="2"/>
            <line number="441" hits="2"/>
            <line number="451" hits="2"/>
            <line number="452" hits="2"/>
            <line number="453" hits="2"/>
            <line number="454" hits="2"/>
            <line number="455" hits="2"/>
          </lines>
        </class>
      </classes>
    </package>
    <package name="ServiceProvider.php" line-rate="1" branch-rate="0" complexity="14">
      <classes>
        <class name="Playground\Crm\ServiceProvider" filename="ServiceProvider.php" line-rate="1" branch-rate="0" complexity="14">
          <methods>
            <method name="boot" signature="" line-rate="1" branch-rate="0" complexity="6">
              <lines>
                <line number="38" hits="31"/>
                <line number="40" hits="31"/>
                <line number="42" hits="31"/>
                <line number="44" hits="31"/>
                <line number="45" hits="31"/>
                <line number="46" hits="31"/>
                <line number="49" hits="31"/>
                <line number="52" hits="31"/>
                <line number="53" hits="1"/>
                <line number="58" hits="31"/>
                <line number="59" hits="31"/>
              </lines>
            </method>
            <method name="register" signature="" line-rate="1" branch-rate="0" complexity="1">
              <lines>
                <line number="68" hits="31"/>
                <line number="69" hits="31"/>
                <line number="70" hits="31"/>
                <line number="71" hits="31"/>
              </lines>
            </method>
            <method name="publishMigrations" signature="" line-rate="1" branch-rate="0" complexity="2">
              <lines>
                <line number="76" hits="31"/>
                <line number="78" hits="31"/>
                <line number="79" hits="31"/>
                <line number="80" hits="31"/>
                <line number="81" hits="31"/>
                <line number="82" hits="31"/>
                <line number="83" hits="31"/>
                <line number="84" hits="31"/>
                <line number="85" hits="31"/>
                <line number="88" hits="31"/>
              </lines>
            </method>
            <method name="about" signature="" line-rate="1" branch-rate="0" complexity="5">
              <lines>
                <line number="93" hits="31"/>
                <line number="94" hits="31"/>
                <line number="96" hits="31"/>
                <line number="98" hits="31"/>
                <line number="99" hits="31"/>
                <line number="100" hits="31"/>
                <line number="101" hits="31"/>
                <line number="102" hits="31"/>
              </lines>
            </method>
          </methods>
          <lines>
            <line number="38" hits="31"/>
            <line number="40" hits="31"/>
            <line number="42" hits="31"/>
            <line number="44" hits="31"/>
            <line number="45" hits="31"/>
            <line number="46" hits="31"/>
            <line number="49" hits="31"/>
            <line number="52" hits="31"/>
            <line number="53" hits="1"/>
            <line number="58" hits="31"/>
            <line number="59" hits="31"/>
            <line number="68" hits="31"/>
            <line number="69" hits="31"/>
            <line number="70" hits="31"/>
            <line number="71" hits="31"/>
            <line number="76" hits="31"/>
            <line number="78" hits="31"/>
            <line number="79" hits="31"/>
            <line number="80" hits="31"/>
            <line number="81" hits="31"/>
            <line number="82" hits="31"/>
            <line number="83" hits="31"/>
            <line number="84" hits="31"/>
            <line number="85" hits="31"/>
            <line number="88" hits="31"/>
            <line number="93" hits="31"/>
            <line number="94" hits="31"/>
            <line number="96" hits="31"/>
            <line number="98" hits="31"/>
            <line number="99" hits="31"/>
            <line number="100" hits="31"/>
            <line number="101" hits="31"/>
            <line number="102" hits="31"/>
          </lines>
        </class>
      </classes>
    </package>
  </packages>
</coverage>
