<?xml version="1.0" encoding="UTF-8"?>
<testsuites>
  <testsuite name="/app/phpunit-ci.xml" tests="31" assertions="967" errors="0" failures="0" skipped="0" time="5.449149">
    <testsuite name="Unit" tests="15" assertions="80" errors="0" failures="0" skipped="0" time="0.606051">
      <testsuite name="Tests\Unit\Playground\Crm\Models\Client\ModelTest" file="/app/tests/Unit/Models/Client/ModelTest.php" tests="3" assertions="16" errors="0" failures="0" skipped="0" time="0.231515">
        <testcase name="test_model_instance" file="/app/vendor/gammamatrix/playground-test/src/Unit/Models/ModelCase.php" line="113" class="Tests\Unit\Playground\Crm\Models\Client\ModelTest" classname="Tests.Unit.Playground.Crm.Models.Client.ModelTest" assertions="1" time="0.139547"/>
        <testcase name="test_verify_model_relationships" file="/app/vendor/gammamatrix/playground-test/src/Unit/Models/ModelCase.php" line="294" class="Tests\Unit\Playground\Crm\Models\Client\ModelTest" classname="Tests.Unit.Playground.Crm.Models.Client.ModelTest" assertions="12" time="0.055708"/>
        <testcase name="test_model_factory_make" file="/app/vendor/gammamatrix/playground-test/src/Unit/Models/ModelCase.php" line="310" class="Tests\Unit\Playground\Crm\Models\Client\ModelTest" classname="Tests.Unit.Playground.Crm.Models.Client.ModelTest" assertions="3" time="0.036259"/>
      </testsuite>
      <testsuite name="Tests\Unit\Playground\Crm\Models\Contact\ModelTest" file="/app/tests/Unit/Models/Contact/ModelTest.php" tests="3" assertions="16" errors="0" failures="0" skipped="0" time="0.094445">
        <testcase name="test_model_instance" file="/app/vendor/gammamatrix/playground-test/src/Unit/Models/ModelCase.php" line="113" class="Tests\Unit\Playground\Crm\Models\Contact\ModelTest" classname="Tests.Unit.Playground.Crm.Models.Contact.ModelTest" assertions="1" time="0.026071"/>
        <testcase name="test_verify_model_relationships" file="/app/vendor/gammamatrix/playground-test/src/Unit/Models/ModelCase.php" line="294" class="Tests\Unit\Playground\Crm\Models\Contact\ModelTest" classname="Tests.Unit.Playground.Crm.Models.Contact.ModelTest" assertions="12" time="0.038766"/>
        <testcase name="test_model_factory_make" file="/app/vendor/gammamatrix/playground-test/src/Unit/Models/ModelCase.php" line="310" class="Tests\Unit\Playground\Crm\Models\Contact\ModelTest" classname="Tests.Unit.Playground.Crm.Models.Contact.ModelTest" assertions="3" time="0.029608"/>
      </testsuite>
      <testsuite name="Tests\Unit\Playground\Crm\Models\Location\ModelTest" file="/app/tests/Unit/Models/Location/ModelTest.php" tests="3" assertions="16" errors="0" failures="0" skipped="0" time="0.094913">
        <testcase name="test_model_instance" file="/app/vendor/gammamatrix/playground-test/src/Unit/Models/ModelCase.php" line="113" class="Tests\Unit\Playground\Crm\Models\Location\ModelTest" classname="Tests.Unit.Playground.Crm.Models.Location.ModelTest" assertions="1" time="0.026593"/>
        <testcase name="test_verify_model_relationships" file="/app/vendor/gammamatrix/playground-test/src/Unit/Models/ModelCase.php" line="294" class="Tests\Unit\Playground\Crm\Models\Location\ModelTest" classname="Tests.Unit.Playground.Crm.Models.Location.ModelTest" assertions="12" time="0.039666"/>
        <testcase name="test_model_factory_make" file="/app/vendor/gammamatrix/playground-test/src/Unit/Models/ModelCase.php" line="310" class="Tests\Unit\Playground\Crm\Models\Location\ModelTest" classname="Tests.Unit.Playground.Crm.Models.Location.ModelTest" assertions="3" time="0.028654"/>
      </testsuite>
      <testsuite name="Tests\Unit\Playground\Crm\Models\Organization\ModelTest" file="/app/tests/Unit/Models/Organization/ModelTest.php" tests="3" assertions="16" errors="0" failures="0" skipped="0" time="0.093109">
        <testcase name="test_model_instance" file="/app/vendor/gammamatrix/playground-test/src/Unit/Models/ModelCase.php" line="113" class="Tests\Unit\Playground\Crm\Models\Organization\ModelTest" classname="Tests.Unit.Playground.Crm.Models.Organization.ModelTest" assertions="1" time="0.025654"/>
        <testcase name="test_verify_model_relationships" file="/app/vendor/gammamatrix/playground-test/src/Unit/Models/ModelCase.php" line="294" class="Tests\Unit\Playground\Crm\Models\Organization\ModelTest" classname="Tests.Unit.Playground.Crm.Models.Organization.ModelTest" assertions="12" time="0.038258"/>
        <testcase name="test_model_factory_make" file="/app/vendor/gammamatrix/playground-test/src/Unit/Models/ModelCase.php" line="310" class="Tests\Unit\Playground\Crm\Models\Organization\ModelTest" classname="Tests.Unit.Playground.Crm.Models.Organization.ModelTest" assertions="3" time="0.029196"/>
      </testsuite>
      <testsuite name="Tests\Unit\Playground\Crm\Models\People\ModelTest" file="/app/tests/Unit/Models/People/ModelTest.php" tests="3" assertions="16" errors="0" failures="0" skipped="0" time="0.092069">
        <testcase name="test_model_instance" file="/app/vendor/gammamatrix/playground-test/src/Unit/Models/ModelCase.php" line="113" class="Tests\Unit\Playground\Crm\Models\People\ModelTest" classname="Tests.Unit.Playground.Crm.Models.People.ModelTest" assertions="1" time="0.025110"/>
        <testcase name="test_verify_model_relationships" file="/app/vendor/gammamatrix/playground-test/src/Unit/Models/ModelCase.php" line="294" class="Tests\Unit\Playground\Crm\Models\People\ModelTest" classname="Tests.Unit.Playground.Crm.Models.People.ModelTest" assertions="12" time="0.037787"/>
        <testcase name="test_model_factory_make" file="/app/vendor/gammamatrix/playground-test/src/Unit/Models/ModelCase.php" line="310" class="Tests\Unit\Playground\Crm\Models\People\ModelTest" classname="Tests.Unit.Playground.Crm.Models.People.ModelTest" assertions="3" time="0.029172"/>
      </testsuite>
    </testsuite>
    <testsuite name="Feature" tests="16" assertions="887" errors="0" failures="0" skipped="0" time="4.843098">
      <testsuite name="Tests\Feature\Playground\Crm\Console\Commands\About\CommandTest" file="/app/tests/Feature/Console/Commands/About/CommandTest.php" tests="1" assertions="2" errors="0" failures="0" skipped="0" time="0.311046">
        <testcase name="test_command_about_displays_package_information_and_succeed" file="/app/tests/Feature/Console/Commands/About/CommandTest.php" line="37" class="Tests\Feature\Playground\Crm\Console\Commands\About\CommandTest" classname="Tests.Feature.Playground.Crm.Console.Commands.About.CommandTest" assertions="2" time="0.311046"/>
      </testsuite>
      <testsuite name="Tests\Feature\Playground\Crm\Models\Client\ModelTest" file="/app/tests/Feature/Models/Client/ModelTest.php" tests="3" assertions="177" errors="0" failures="0" skipped="0" time="0.911229">
        <testcase name="test_model_instance" file="/app/vendor/gammamatrix/playground-test/src/Feature/Models/ModelCase.php" line="123" class="Tests\Feature\Playground\Crm\Models\Client\ModelTest" classname="Tests.Feature.Playground.Crm.Models.Client.ModelTest" assertions="1" time="0.177764"/>
        <testcase name="test_verify_model_relationships" file="/app/vendor/gammamatrix/playground-test/src/Feature/Models/ModelCase.php" line="202" class="Tests\Feature\Playground\Crm\Models\Client\ModelTest" classname="Tests.Feature.Playground.Crm.Models.Client.ModelTest" assertions="172" time="0.544607"/>
        <testcase name="test_factory_create" file="/app/vendor/gammamatrix/playground-test/src/Feature/Models/ModelCase.php" line="223" class="Tests\Feature\Playground\Crm\Models\Client\ModelTest" classname="Tests.Feature.Playground.Crm.Models.Client.ModelTest" assertions="4" time="0.188858"/>
      </testsuite>
      <testsuite name="Tests\Feature\Playground\Crm\Models\Contact\ModelTest" file="/app/tests/Feature/Models/Contact/ModelTest.php" tests="3" assertions="177" errors="0" failures="0" skipped="0" time="0.898317">
        <testcase name="test_model_instance" file="/app/vendor/gammamatrix/playground-test/src/Feature/Models/ModelCase.php" line="123" class="Tests\Feature\Playground\Crm\Models\Contact\ModelTest" classname="Tests.Feature.Playground.Crm.Models.Contact.ModelTest" assertions="1" time="0.178529"/>
        <testcase name="test_verify_model_relationships" file="/app/vendor/gammamatrix/playground-test/src/Feature/Models/ModelCase.php" line="202" class="Tests\Feature\Playground\Crm\Models\Contact\ModelTest" classname="Tests.Feature.Playground.Crm.Models.Contact.ModelTest" assertions="172" time="0.531616"/>
        <testcase name="test_factory_create" file="/app/vendor/gammamatrix/playground-test/src/Feature/Models/ModelCase.php" line="223" class="Tests\Feature\Playground\Crm\Models\Contact\ModelTest" classname="Tests.Feature.Playground.Crm.Models.Contact.ModelTest" assertions="4" time="0.188172"/>
      </testsuite>
      <testsuite name="Tests\Feature\Playground\Crm\Models\Location\ModelTest" file="/app/tests/Feature/Models/Location/ModelTest.php" tests="3" assertions="177" errors="0" failures="0" skipped="0" time="0.894096">
        <testcase name="test_model_instance" file="/app/vendor/gammamatrix/playground-test/src/Feature/Models/ModelCase.php" line="123" class="Tests\Feature\Playground\Crm\Models\Location\ModelTest" classname="Tests.Feature.Playground.Crm.Models.Location.ModelTest" assertions="1" time="0.177947"/>
        <testcase name="test_verify_model_relationships" file="/app/vendor/gammamatrix/playground-test/src/Feature/Models/ModelCase.php" line="202" class="Tests\Feature\Playground\Crm\Models\Location\ModelTest" classname="Tests.Feature.Playground.Crm.Models.Location.ModelTest" assertions="172" time="0.526308"/>
        <testcase name="test_factory_create" file="/app/vendor/gammamatrix/playground-test/src/Feature/Models/ModelCase.php" line="223" class="Tests\Feature\Playground\Crm\Models\Location\ModelTest" classname="Tests.Feature.Playground.Crm.Models.Location.ModelTest" assertions="4" time="0.189841"/>
      </testsuite>
      <testsuite name="Tests\Feature\Playground\Crm\Models\Organization\ModelTest" file="/app/tests/Feature/Models/Organization/ModelTest.php" tests="3" assertions="177" errors="0" failures="0" skipped="0" time="0.897196">
        <testcase name="test_model_instance" file="/app/vendor/gammamatrix/playground-test/src/Feature/Models/ModelCase.php" line="123" class="Tests\Feature\Playground\Crm\Models\Organization\ModelTest" classname="Tests.Feature.Playground.Crm.Models.Organization.ModelTest" assertions="1" time="0.178366"/>
        <testcase name="test_verify_model_relationships" file="/app/vendor/gammamatrix/playground-test/src/Feature/Models/ModelCase.php" line="202" class="Tests\Feature\Playground\Crm\Models\Organization\ModelTest" classname="Tests.Feature.Playground.Crm.Models.Organization.ModelTest" assertions="172" time="0.527069"/>
        <testcase name="test_factory_create" file="/app/vendor/gammamatrix/playground-test/src/Feature/Models/ModelCase.php" line="223" class="Tests\Feature\Playground\Crm\Models\Organization\ModelTest" classname="Tests.Feature.Playground.Crm.Models.Organization.ModelTest" assertions="4" time="0.191762"/>
      </testsuite>
      <testsuite name="Tests\Feature\Playground\Crm\Models\People\ModelTest" file="/app/tests/Feature/Models/People/ModelTest.php" tests="3" assertions="177" errors="0" failures="0" skipped="0" time="0.931214">
        <testcase name="test_model_instance" file="/app/vendor/gammamatrix/playground-test/src/Feature/Models/ModelCase.php" line="123" class="Tests\Feature\Playground\Crm\Models\People\ModelTest" classname="Tests.Feature.Playground.Crm.Models.People.ModelTest" assertions="1" time="0.178189"/>
        <testcase name="test_verify_model_relationships" file="/app/vendor/gammamatrix/playground-test/src/Feature/Models/ModelCase.php" line="202" class="Tests\Feature\Playground\Crm\Models\People\ModelTest" classname="Tests.Feature.Playground.Crm.Models.People.ModelTest" assertions="172" time="0.538732"/>
        <testcase name="test_factory_create" file="/app/vendor/gammamatrix/playground-test/src/Feature/Models/ModelCase.php" line="223" class="Tests\Feature\Playground\Crm\Models\People\ModelTest" classname="Tests.Feature.Playground.Crm.Models.People.ModelTest" assertions="4" time="0.214293"/>
      </testsuite>
    </testsuite>
  </testsuite>
</testsuites>
