<?xml version="1.0" encoding="UTF-8"?>
<testsuites>
  <testsuite name="/app/phpunit-ci.xml" tests="31" assertions="327" errors="0" failures="0" skipped="0" time="4.194024">
    <testsuite name="Unit" tests="15" assertions="40" errors="0" failures="0" skipped="0" time="0.538883">
      <testsuite name="Tests\Unit\Playground\Crm\Models\Client\ModelTest" file="/app/tests/Unit/Models/Client/ModelTest.php" tests="3" assertions="8" errors="0" failures="0" skipped="0" time="0.217960">
        <testcase name="test_model_instance" file="/app/vendor/gammamatrix/playground-test/src/Unit/Models/ModelCase.php" line="113" class="Tests\Unit\Playground\Crm\Models\Client\ModelTest" classname="Tests.Unit.Playground.Crm.Models.Client.ModelTest" assertions="1" time="0.133700"/>
        <testcase name="test_verify_model_relationships" file="/app/vendor/gammamatrix/playground-test/src/Unit/Models/ModelCase.php" line="294" class="Tests\Unit\Playground\Crm\Models\Client\ModelTest" classname="Tests.Unit.Playground.Crm.Models.Client.ModelTest" assertions="4" time="0.047802"/>
        <testcase name="test_model_factory_make" file="/app/vendor/gammamatrix/playground-test/src/Unit/Models/ModelCase.php" line="310" class="Tests\Unit\Playground\Crm\Models\Client\ModelTest" classname="Tests.Unit.Playground.Crm.Models.Client.ModelTest" assertions="3" time="0.036458"/>
      </testsuite>
      <testsuite name="Tests\Unit\Playground\Crm\Models\Contact\ModelTest" file="/app/tests/Unit/Models/Contact/ModelTest.php" tests="3" assertions="8" errors="0" failures="0" skipped="0" time="0.080639">
        <testcase name="test_model_instance" file="/app/vendor/gammamatrix/playground-test/src/Unit/Models/ModelCase.php" line="113" class="Tests\Unit\Playground\Crm\Models\Contact\ModelTest" classname="Tests.Unit.Playground.Crm.Models.Contact.ModelTest" assertions="1" time="0.025689"/>
        <testcase name="test_verify_model_relationships" file="/app/vendor/gammamatrix/playground-test/src/Unit/Models/ModelCase.php" line="294" class="Tests\Unit\Playground\Crm\Models\Contact\ModelTest" classname="Tests.Unit.Playground.Crm.Models.Contact.ModelTest" assertions="4" time="0.027733"/>
        <testcase name="test_model_factory_make" file="/app/vendor/gammamatrix/playground-test/src/Unit/Models/ModelCase.php" line="310" class="Tests\Unit\Playground\Crm\Models\Contact\ModelTest" classname="Tests.Unit.Playground.Crm.Models.Contact.ModelTest" assertions="3" time="0.027216"/>
      </testsuite>
      <testsuite name="Tests\Unit\Playground\Crm\Models\Location\ModelTest" file="/app/tests/Unit/Models/Location/ModelTest.php" tests="3" assertions="8" errors="0" failures="0" skipped="0" time="0.080205">
        <testcase name="test_model_instance" file="/app/vendor/gammamatrix/playground-test/src/Unit/Models/ModelCase.php" line="113" class="Tests\Unit\Playground\Crm\Models\Location\ModelTest" classname="Tests.Unit.Playground.Crm.Models.Location.ModelTest" assertions="1" time="0.025020"/>
        <testcase name="test_verify_model_relationships" file="/app/vendor/gammamatrix/playground-test/src/Unit/Models/ModelCase.php" line="294" class="Tests\Unit\Playground\Crm\Models\Location\ModelTest" classname="Tests.Unit.Playground.Crm.Models.Location.ModelTest" assertions="4" time="0.027963"/>
        <testcase name="test_model_factory_make" file="/app/vendor/gammamatrix/playground-test/src/Unit/Models/ModelCase.php" line="310" class="Tests\Unit\Playground\Crm\Models\Location\ModelTest" classname="Tests.Unit.Playground.Crm.Models.Location.ModelTest" assertions="3" time="0.027222"/>
      </testsuite>
      <testsuite name="Tests\Unit\Playground\Crm\Models\Organization\ModelTest" file="/app/tests/Unit/Models/Organization/ModelTest.php" tests="3" assertions="8" errors="0" failures="0" skipped="0" time="0.081515">
        <testcase name="test_model_instance" file="/app/vendor/gammamatrix/playground-test/src/Unit/Models/ModelCase.php" line="113" class="Tests\Unit\Playground\Crm\Models\Organization\ModelTest" classname="Tests.Unit.Playground.Crm.Models.Organization.ModelTest" assertions="1" time="0.024899"/>
        <testcase name="test_verify_model_relationships" file="/app/vendor/gammamatrix/playground-test/src/Unit/Models/ModelCase.php" line="294" class="Tests\Unit\Playground\Crm\Models\Organization\ModelTest" classname="Tests.Unit.Playground.Crm.Models.Organization.ModelTest" assertions="4" time="0.029231"/>
        <testcase name="test_model_factory_make" file="/app/vendor/gammamatrix/playground-test/src/Unit/Models/ModelCase.php" line="310" class="Tests\Unit\Playground\Crm\Models\Organization\ModelTest" classname="Tests.Unit.Playground.Crm.Models.Organization.ModelTest" assertions="3" time="0.027386"/>
      </testsuite>
      <testsuite name="Tests\Unit\Playground\Crm\Models\People\ModelTest" file="/app/tests/Unit/Models/People/ModelTest.php" tests="3" assertions="8" errors="0" failures="0" skipped="0" time="0.078564">
        <testcase name="test_model_instance" file="/app/vendor/gammamatrix/playground-test/src/Unit/Models/ModelCase.php" line="113" class="Tests\Unit\Playground\Crm\Models\People\ModelTest" classname="Tests.Unit.Playground.Crm.Models.People.ModelTest" assertions="1" time="0.024967"/>
        <testcase name="test_verify_model_relationships" file="/app/vendor/gammamatrix/playground-test/src/Unit/Models/ModelCase.php" line="294" class="Tests\Unit\Playground\Crm\Models\People\ModelTest" classname="Tests.Unit.Playground.Crm.Models.People.ModelTest" assertions="4" time="0.027024"/>
        <testcase name="test_model_factory_make" file="/app/vendor/gammamatrix/playground-test/src/Unit/Models/ModelCase.php" line="310" class="Tests\Unit\Playground\Crm\Models\People\ModelTest" classname="Tests.Unit.Playground.Crm.Models.People.ModelTest" assertions="3" time="0.026573"/>
      </testsuite>
    </testsuite>
    <testsuite name="Feature" tests="16" assertions="287" errors="0" failures="0" skipped="0" time="3.655141">
      <testsuite name="Tests\Feature\Playground\Crm\Console\Commands\About\CommandTest" file="/app/tests/Feature/Console/Commands/About/CommandTest.php" tests="1" assertions="2" errors="0" failures="0" skipped="0" time="0.335033">
        <testcase name="test_command_about_displays_package_information_and_succeed" file="/app/tests/Feature/Console/Commands/About/CommandTest.php" line="35" class="Tests\Feature\Playground\Crm\Console\Commands\About\CommandTest" classname="Tests.Feature.Playground.Crm.Console.Commands.About.CommandTest" assertions="2" time="0.335033"/>
      </testsuite>
      <testsuite name="Tests\Feature\Playground\Crm\Models\Client\ModelTest" file="/app/tests/Feature/Models/Client/ModelTest.php" tests="3" assertions="57" errors="0" failures="0" skipped="0" time="0.676537">
        <testcase name="test_model_instance" file="/app/vendor/gammamatrix/playground-test/src/Feature/Models/ModelCase.php" line="123" class="Tests\Feature\Playground\Crm\Models\Client\ModelTest" classname="Tests.Feature.Playground.Crm.Models.Client.ModelTest" assertions="1" time="0.190670"/>
        <testcase name="test_verify_model_relationships" file="/app/vendor/gammamatrix/playground-test/src/Feature/Models/ModelCase.php" line="202" class="Tests\Feature\Playground\Crm\Models\Client\ModelTest" classname="Tests.Feature.Playground.Crm.Models.Client.ModelTest" assertions="52" time="0.287404"/>
        <testcase name="test_factory_create" file="/app/vendor/gammamatrix/playground-test/src/Feature/Models/ModelCase.php" line="223" class="Tests\Feature\Playground\Crm\Models\Client\ModelTest" classname="Tests.Feature.Playground.Crm.Models.Client.ModelTest" assertions="4" time="0.198463"/>
      </testsuite>
      <testsuite name="Tests\Feature\Playground\Crm\Models\Contact\ModelTest" file="/app/tests/Feature/Models/Contact/ModelTest.php" tests="3" assertions="57" errors="0" failures="0" skipped="0" time="0.662568">
        <testcase name="test_model_instance" file="/app/vendor/gammamatrix/playground-test/src/Feature/Models/ModelCase.php" line="123" class="Tests\Feature\Playground\Crm\Models\Contact\ModelTest" classname="Tests.Feature.Playground.Crm.Models.Contact.ModelTest" assertions="1" time="0.191010"/>
        <testcase name="test_verify_model_relationships" file="/app/vendor/gammamatrix/playground-test/src/Feature/Models/ModelCase.php" line="202" class="Tests\Feature\Playground\Crm\Models\Contact\ModelTest" classname="Tests.Feature.Playground.Crm.Models.Contact.ModelTest" assertions="52" time="0.272206"/>
        <testcase name="test_factory_create" file="/app/vendor/gammamatrix/playground-test/src/Feature/Models/ModelCase.php" line="223" class="Tests\Feature\Playground\Crm\Models\Contact\ModelTest" classname="Tests.Feature.Playground.Crm.Models.Contact.ModelTest" assertions="4" time="0.199352"/>
      </testsuite>
      <testsuite name="Tests\Feature\Playground\Crm\Models\Location\ModelTest" file="/app/tests/Feature/Models/Location/ModelTest.php" tests="3" assertions="57" errors="0" failures="0" skipped="0" time="0.657428">
        <testcase name="test_model_instance" file="/app/vendor/gammamatrix/playground-test/src/Feature/Models/ModelCase.php" line="123" class="Tests\Feature\Playground\Crm\Models\Location\ModelTest" classname="Tests.Feature.Playground.Crm.Models.Location.ModelTest" assertions="1" time="0.189512"/>
        <testcase name="test_verify_model_relationships" file="/app/vendor/gammamatrix/playground-test/src/Feature/Models/ModelCase.php" line="202" class="Tests\Feature\Playground\Crm\Models\Location\ModelTest" classname="Tests.Feature.Playground.Crm.Models.Location.ModelTest" assertions="52" time="0.269576"/>
        <testcase name="test_factory_create" file="/app/vendor/gammamatrix/playground-test/src/Feature/Models/ModelCase.php" line="223" class="Tests\Feature\Playground\Crm\Models\Location\ModelTest" classname="Tests.Feature.Playground.Crm.Models.Location.ModelTest" assertions="4" time="0.198340"/>
      </testsuite>
      <testsuite name="Tests\Feature\Playground\Crm\Models\Organization\ModelTest" file="/app/tests/Feature/Models/Organization/ModelTest.php" tests="3" assertions="57" errors="0" failures="0" skipped="0" time="0.658061">
        <testcase name="test_model_instance" file="/app/vendor/gammamatrix/playground-test/src/Feature/Models/ModelCase.php" line="123" class="Tests\Feature\Playground\Crm\Models\Organization\ModelTest" classname="Tests.Feature.Playground.Crm.Models.Organization.ModelTest" assertions="1" time="0.188445"/>
        <testcase name="test_verify_model_relationships" file="/app/vendor/gammamatrix/playground-test/src/Feature/Models/ModelCase.php" line="202" class="Tests\Feature\Playground\Crm\Models\Organization\ModelTest" classname="Tests.Feature.Playground.Crm.Models.Organization.ModelTest" assertions="52" time="0.271229"/>
        <testcase name="test_factory_create" file="/app/vendor/gammamatrix/playground-test/src/Feature/Models/ModelCase.php" line="223" class="Tests\Feature\Playground\Crm\Models\Organization\ModelTest" classname="Tests.Feature.Playground.Crm.Models.Organization.ModelTest" assertions="4" time="0.198387"/>
      </testsuite>
      <testsuite name="Tests\Feature\Playground\Crm\Models\People\ModelTest" file="/app/tests/Feature/Models/People/ModelTest.php" tests="3" assertions="57" errors="0" failures="0" skipped="0" time="0.665515">
        <testcase name="test_model_instance" file="/app/vendor/gammamatrix/playground-test/src/Feature/Models/ModelCase.php" line="123" class="Tests\Feature\Playground\Crm\Models\People\ModelTest" classname="Tests.Feature.Playground.Crm.Models.People.ModelTest" assertions="1" time="0.189007"/>
        <testcase name="test_verify_model_relationships" file="/app/vendor/gammamatrix/playground-test/src/Feature/Models/ModelCase.php" line="202" class="Tests\Feature\Playground\Crm\Models\People\ModelTest" classname="Tests.Feature.Playground.Crm.Models.People.ModelTest" assertions="52" time="0.271126"/>
        <testcase name="test_factory_create" file="/app/vendor/gammamatrix/playground-test/src/Feature/Models/ModelCase.php" line="223" class="Tests\Feature\Playground\Crm\Models\People\ModelTest" classname="Tests.Feature.Playground.Crm.Models.People.ModelTest" assertions="4" time="0.205383"/>
      </testsuite>
    </testsuite>
  </testsuite>
</testsuites>
